2026-02-25 09:46:38,274 [INFO] src.cli.runtime: [OK] Broker provider is IBKR
2026-02-25 09:46:38,275 [INFO] src.cli.runtime: [OK] Market timezone is Europe/London
2026-02-25 09:46:38,276 [INFO] src.cli.runtime: [OK] Base currency is GBP
2026-02-25 09:46:38,277 [INFO] src.cli.runtime: [OK] Detected UK symbols: HSBA.L, VOD.L, BP.L, BARC.L, SHEL.L
2026-02-25 09:46:38,278 [INFO] src.cli.runtime: [OK] DB isolation paths set (paper=trading_paper.db, live=trading_live.db, test=trading_test.db)
2026-02-25 09:46:38,314 [INFO] ib_insync.client: Connecting to 127.0.0.1:7497 with clientId 1...
2026-02-25 09:46:38,315 [INFO] ib_insync.client: Connected
2026-02-25 09:46:38,317 [INFO] ib_insync.client: Logged on to server version 176
2026-02-25 09:46:38,319 [INFO] ib_insync.wrapper: Warning 2104, reqId -1: Market data farm connection is OK:hfarm
2026-02-25 09:46:38,319 [INFO] ib_insync.wrapper: Warning 2104, reqId -1: Market data farm connection is OK:eufarmnj
2026-02-25 09:46:38,319 [INFO] ib_insync.wrapper: Warning 2104, reqId -1: Market data farm connection is OK:cashfarm
2026-02-25 09:46:38,319 [INFO] ib_insync.wrapper: Warning 2104, reqId -1: Market data farm connection is OK:usfuture
2026-02-25 09:46:38,319 [INFO] ib_insync.wrapper: Warning 2104, reqId -1: Market data farm connection is OK:jfarm
2026-02-25 09:46:38,320 [INFO] ib_insync.wrapper: Warning 2104, reqId -1: Market data farm connection is OK:usfarm.nj
2026-02-25 09:46:38,320 [INFO] ib_insync.wrapper: Warning 2104, reqId -1: Market data farm connection is OK:eufarm
2026-02-25 09:46:38,320 [INFO] ib_insync.wrapper: Warning 2104, reqId -1: Market data farm connection is OK:usfarm
2026-02-25 09:46:38,320 [INFO] ib_insync.wrapper: Warning 2106, reqId -1: HMDS data farm connection is OK:euhmds
2026-02-25 09:46:38,320 [INFO] ib_insync.wrapper: Warning 2106, reqId -1: HMDS data farm connection is OK:fundfarm
2026-02-25 09:46:38,320 [INFO] ib_insync.wrapper: Warning 2106, reqId -1: HMDS data farm connection is OK:ushmds
2026-02-25 09:46:38,321 [INFO] ib_insync.wrapper: Warning 2158, reqId -1: Sec-def data farm connection is OK:secdefnj
2026-02-25 09:46:38,321 [INFO] ib_insync.client: API connection ready
2026-02-25 09:46:38,322 [INFO] ib_insync.wrapper: position: Position(account='DUQ117408', contract=Stock(conId=909083, symbol='HSBA', exchange='LSE', currency='GBP', localSymbol='HSBA', tradingClass='SET1'), position=10.0, avgCost=13.81023)
2026-02-25 09:46:38,322 [INFO] ib_insync.wrapper: position: Position(account='DUQ117408', contract=Stock(conId=908940, symbol='BARC', exchange='LSE', currency='GBP', localSymbol='BARC', tradingClass='SET1'), position=2.0, avgCost=7.58785)
2026-02-25 09:46:38,323 [INFO] ib_insync.wrapper: position: Position(account='DUQ117408', contract=Stock(conId=140148322, symbol='VOD', exchange='LSE', currency='GBP', localSymbol='VOD', tradingClass='SET1'), position=690.0, avgCost=1.1878884)
2026-02-25 09:46:38,424 [INFO] ib_insync.wrapper: updatePortfolio: PortfolioItem(contract=Stock(conId=908940, symbol='BARC', right='0', primaryExchange='LSE', currency='GBP', localSymbol='BARC', tradingClass='SET1'), position=2.0, marketPrice=4.6585002, marketValue=9.32, averageCost=7.58785, unrealizedPNL=-5.86, realizedPNL=0.0, account='DUQ117408')
2026-02-25 09:46:38,424 [INFO] ib_insync.wrapper: updatePortfolio: PortfolioItem(contract=Stock(conId=909083, symbol='HSBA', right='0', primaryExchange='LSE', currency='GBP', localSymbol='HSBA', tradingClass='SET1'), position=10.0, marketPrice=13.5600004, marketValue=135.6, averageCost=13.81023, unrealizedPNL=-2.5, realizedPNL=0.0, account='DUQ117408')
2026-02-25 09:46:38,424 [INFO] ib_insync.wrapper: updatePortfolio: PortfolioItem(contract=Stock(conId=140148322, symbol='VOD', right='0', primaryExchange='LSE', currency='GBP', localSymbol='VOD', tradingClass='SET1'), position=690.0, marketPrice=1.1688, marketValue=806.47, averageCost=1.1878884, unrealizedPNL=-13.17, realizedPNL=0.0, account='DUQ117408')
2026-02-25 09:46:38,427 [INFO] ib_insync.ib: Synchronization complete
2026-02-25 09:46:38,427 [INFO] src.execution.ibkr_broker: Connected to IBKR at 127.0.0.1:7497 (clientId=1)
2026-02-25 09:46:38,427 [INFO] src.cli.runtime: [OK] IBKR connection established
2026-02-25 09:46:38,427 [INFO] src.cli.runtime: [OK] IBKR account detected: DUQ117408 (paper)
2026-02-25 09:46:38,428 [INFO] ib_insync.ib: Disconnecting from 127.0.0.1:7497, 119 B sent in 8 messages, 20.0 kB received in 412 messages, session time 115 ms.
2026-02-25 09:46:38,428 [INFO] ib_insync.client: Disconnecting
2026-02-25 09:46:38,428 [INFO] src.execution.ibkr_broker: Disconnected from IBKR
2026-02-25 09:46:38,428 [INFO] src.cli.runtime: UK health check complete: no blocking errors
