2026-02-25 11:00:33,467 [INFO] src.cli.runtime: [OK] Broker provider is IBKR
2026-02-25 11:00:33,468 [INFO] src.cli.runtime: [OK] Market timezone is Europe/London
2026-02-25 11:00:33,469 [INFO] src.cli.runtime: [OK] Base currency is GBP
2026-02-25 11:00:33,470 [INFO] src.cli.runtime: [OK] Detected UK symbols: HSBA.L, VOD.L, BP.L, BARC.L, SHEL.L
2026-02-25 11:00:33,470 [INFO] src.cli.runtime: [OK] DB isolation paths set (paper=trading_paper.db, live=trading_live.db, test=trading_test.db)
2026-02-25 11:00:33,507 [INFO] ib_insync.client: Connecting to 127.0.0.1:7497 with clientId 1...
2026-02-25 11:00:33,508 [INFO] ib_insync.client: Connected
2026-02-25 11:00:33,514 [INFO] ib_insync.client: Logged on to server version 176
2026-02-25 11:00:33,516 [INFO] ib_insync.wrapper: Warning 2104, reqId -1: Market data farm connection is OK:hfarm
2026-02-25 11:00:33,516 [INFO] ib_insync.wrapper: Warning 2104, reqId -1: Market data farm connection is OK:eufarmnj
2026-02-25 11:00:33,516 [INFO] ib_insync.wrapper: Warning 2104, reqId -1: Market data farm connection is OK:cashfarm
2026-02-25 11:00:33,516 [INFO] ib_insync.wrapper: Warning 2104, reqId -1: Market data farm connection is OK:usfuture
2026-02-25 11:00:33,517 [INFO] ib_insync.wrapper: Warning 2104, reqId -1: Market data farm connection is OK:jfarm
2026-02-25 11:00:33,517 [INFO] ib_insync.wrapper: Warning 2104, reqId -1: Market data farm connection is OK:usfarm.nj
2026-02-25 11:00:33,517 [INFO] ib_insync.wrapper: Warning 2104, reqId -1: Market data farm connection is OK:eufarm
2026-02-25 11:00:33,517 [INFO] ib_insync.wrapper: Warning 2104, reqId -1: Market data farm connection is OK:usfarm
2026-02-25 11:00:33,517 [INFO] ib_insync.wrapper: Warning 2106, reqId -1: HMDS data farm connection is OK:euhmds
2026-02-25 11:00:33,517 [INFO] ib_insync.wrapper: Warning 2106, reqId -1: HMDS data farm connection is OK:fundfarm
2026-02-25 11:00:33,517 [INFO] ib_insync.wrapper: Warning 2106, reqId -1: HMDS data farm connection is OK:ushmds
2026-02-25 11:00:33,517 [INFO] ib_insync.wrapper: Warning 2158, reqId -1: Sec-def data farm connection is OK:secdefnj
2026-02-25 11:00:33,517 [INFO] ib_insync.client: API connection ready
2026-02-25 11:00:33,519 [INFO] ib_insync.wrapper: position: Position(account='DUQ117408', contract=Stock(conId=909083, symbol='HSBA', exchange='LSE', currency='GBP', localSymbol='HSBA', tradingClass='SET1'), position=10.0, avgCost=13.81023)
2026-02-25 11:00:33,519 [INFO] ib_insync.wrapper: position: Position(account='DUQ117408', contract=Stock(conId=908940, symbol='BARC', exchange='LSE', currency='GBP', localSymbol='BARC', tradingClass='SET1'), position=2.0, avgCost=7.58785)
2026-02-25 11:00:33,519 [INFO] ib_insync.wrapper: position: Position(account='DUQ117408', contract=Stock(conId=140148322, symbol='VOD', exchange='LSE', currency='GBP', localSymbol='VOD', tradingClass='SET1'), position=690.0, avgCost=1.1878884)
2026-02-25 11:00:33,620 [INFO] ib_insync.wrapper: updatePortfolio: PortfolioItem(contract=Stock(conId=908940, symbol='BARC', right='0', primaryExchange='LSE', currency='GBP', localSymbol='BARC', tradingClass='SET1'), position=2.0, marketPrice=4.6585002, marketValue=9.32, averageCost=7.58785, unrealizedPNL=-5.86, realizedPNL=0.0, account='DUQ117408')
2026-02-25 11:00:33,621 [INFO] ib_insync.wrapper: updatePortfolio: PortfolioItem(contract=Stock(conId=909083, symbol='HSBA', right='0', primaryExchange='LSE', currency='GBP', localSymbol='HSBA', tradingClass='SET1'), position=10.0, marketPrice=13.60999965, marketValue=136.1, averageCost=13.81023, unrealizedPNL=-2.0, realizedPNL=0.0, account='DUQ117408')
2026-02-25 11:00:33,621 [INFO] ib_insync.wrapper: updatePortfolio: PortfolioItem(contract=Stock(conId=140148322, symbol='VOD', right='0', primaryExchange='LSE', currency='GBP', localSymbol='VOD', tradingClass='SET1'), position=690.0, marketPrice=1.171, marketValue=807.99, averageCost=1.1878884, unrealizedPNL=-11.65, realizedPNL=0.0, account='DUQ117408')
2026-02-25 11:00:33,623 [INFO] ib_insync.ib: Synchronization complete
2026-02-25 11:00:33,623 [INFO] src.execution.ibkr_broker: Connected to IBKR at 127.0.0.1:7497 (clientId=1)
2026-02-25 11:00:33,624 [INFO] src.cli.runtime: [OK] IBKR connection established
2026-02-25 11:00:33,624 [INFO] src.cli.runtime: [OK] IBKR account detected: DUQ117408 (paper)
2026-02-25 11:00:33,624 [INFO] ib_insync.ib: Disconnecting from 127.0.0.1:7497, 119 B sent in 8 messages, 20.0 kB received in 412 messages, session time 118 ms.
2026-02-25 11:00:33,624 [INFO] ib_insync.client: Disconnecting
2026-02-25 11:00:33,624 [INFO] src.execution.ibkr_broker: Disconnected from IBKR
2026-02-25 11:00:33,625 [INFO] src.cli.runtime: UK health check complete: no blocking errors
