[Step1A AutoClient] Attempt 1/8 using IBKR_CLIENT_ID=70
Step 1A burn-in session: 20260225_151148
Output directory: reports\uk_tax\step1a_burnin\session_20260225_151148
Required window: 08:00-16:00 UTC

===== Step 1A Burn-In Run 1/3 =====
UTC start: 2026-02-25 15:11:48
In-window: True

Step 1A burn-in report written: reports\uk_tax\step1a_burnin\session_20260225_151148\step1a_burnin_report.json
Latest report pointer: reports\uk_tax\step1a_burnin\step1a_burnin_latest.json
Runs passed: 0 / 3
SIGN-OFF STATUS: NOT READY
[Step1A AutoClient] Non-collision failure (exit=1). Stopping retries.
2026-02-25 15:11:51,961 [ERROR] yfinance: $VOD.L: possibly delisted; no price data found  (1m 2026-02-23 -> 2026-02-23)
2026-02-25 15:11:51,962 [WARNING] src.data.providers: YFinance empty result for VOD.L interval=1m request_type=start_end attempt=1/3; retrying in 0.50s
2026-02-25 15:11:52,473 [ERROR] yfinance: $VOD.L: possibly delisted; no price data found  (1m 2026-02-23 -> 2026-02-23)
2026-02-25 15:11:52,474 [WARNING] src.data.providers: YFinance empty result for VOD.L interval=1m request_type=start_end attempt=2/3; retrying in 1.00s
2026-02-25 15:11:53,479 [ERROR] yfinance: $VOD.L: possibly delisted; no price data found  (1m 2026-02-23 -> 2026-02-23)
2026-02-25 15:11:53,480 [WARNING] src.data.providers: YFinance retries exhausted (empty result) for VOD.L interval=1m request_type=start_end attempts=3
2026-02-25 15:11:53,480 [WARNING] src.data.feeds: Data provider 'yfinance' failed for VOD.L: Empty dataset from provider 'yfinance'
2026-02-25 15:11:54,097 [ERROR] yfinance: $BP.L: possibly delisted; no price data found  (1m 2026-02-23 -> 2026-02-23)
2026-02-25 15:11:54,098 [WARNING] src.data.providers: YFinance empty result for BP.L interval=1m request_type=start_end attempt=1/3; retrying in 0.50s
2026-02-25 15:11:54,611 [ERROR] yfinance: $BP.L: possibly delisted; no price data found  (1m 2026-02-23 -> 2026-02-23)
2026-02-25 15:11:54,612 [WARNING] src.data.providers: YFinance empty result for BP.L interval=1m request_type=start_end attempt=2/3; retrying in 1.00s
2026-02-25 15:11:55,617 [ERROR] yfinance: $BP.L: possibly delisted; no price data found  (1m 2026-02-23 -> 2026-02-23)
2026-02-25 15:11:55,617 [WARNING] src.data.providers: YFinance retries exhausted (empty result) for BP.L interval=1m request_type=start_end attempts=3
2026-02-25 15:11:55,618 [WARNING] src.data.feeds: Data provider 'yfinance' failed for BP.L: Empty dataset from provider 'yfinance'
2026-02-25 15:11:57,758 [ERROR] yfinance: $SHEL.L: possibly delisted; no price data found  (1m 2026-02-24 -> 2026-02-24)
2026-02-25 15:11:57,759 [WARNING] src.data.providers: YFinance empty result for SHEL.L interval=1m request_type=start_end attempt=1/3; retrying in 0.50s
2026-02-25 15:11:58,267 [ERROR] yfinance: $SHEL.L: possibly delisted; no price data found  (1m 2026-02-24 -> 2026-02-24)
2026-02-25 15:11:58,268 [WARNING] src.data.providers: YFinance empty result for SHEL.L interval=1m request_type=start_end attempt=2/3; retrying in 1.00s
2026-02-25 15:11:59,273 [ERROR] yfinance: $SHEL.L: possibly delisted; no price data found  (1m 2026-02-24 -> 2026-02-24)
2026-02-25 15:11:59,274 [WARNING] src.data.providers: YFinance retries exhausted (empty result) for SHEL.L interval=1m request_type=start_end attempts=3
2026-02-25 15:11:59,274 [WARNING] src.data.feeds: Data provider 'yfinance' failed for SHEL.L: Empty dataset from provider 'yfinance'
