Step 1A burn-in session: 20260225_113653
Output directory: reports\uk_tax\step1a_burnin\session_20260225_113653
Required window: 08:00-16:00 UTC

===== Step 1A Burn-In Run 1/3 =====
UTC start: 2026-02-25 11:36:53
In-window: True
Kill switch cleared

[1/5 Health check] python main.py uk_health_check --profile uk_paper --strict-health
2026-02-25 11:37:00,643 [INFO] src.cli.runtime: [OK] Broker provider is IBKR
2026-02-25 11:37:00,645 [INFO] src.cli.runtime: [OK] Market timezone is Europe/London
2026-02-25 11:37:00,646 [INFO] src.cli.runtime: [OK] Base currency is GBP
2026-02-25 11:37:00,647 [INFO] src.cli.runtime: [OK] Detected UK symbols: HSBA.L, VOD.L, BP.L, BARC.L, SHEL.L
2026-02-25 11:37:00,647 [INFO] src.cli.runtime: [OK] DB isolation paths set (paper=trading_paper.db, live=trading_live.db, test=trading_test.db)
2026-02-25 11:37:00,684 [INFO] ib_insync.client: Connecting to 127.0.0.1:7497 with clientId 1...
2026-02-25 11:37:00,685 [INFO] ib_insync.client: Connected
2026-02-25 11:37:00,688 [INFO] ib_insync.client: Logged on to server version 176
2026-02-25 11:37:00,689 [INFO] ib_insync.wrapper: Warning 2104, reqId -1: Market data farm connection is OK:hfarm
2026-02-25 11:37:00,689 [INFO] ib_insync.wrapper: Warning 2104, reqId -1: Market data farm connection is OK:eufarmnj
2026-02-25 11:37:00,689 [INFO] ib_insync.wrapper: Warning 2104, reqId -1: Market data farm connection is OK:cashfarm
2026-02-25 11:37:00,689 [INFO] ib_insync.wrapper: Warning 2104, reqId -1: Market data farm connection is OK:usfuture
2026-02-25 11:37:00,689 [INFO] ib_insync.wrapper: Warning 2104, reqId -1: Market data farm connection is OK:jfarm
2026-02-25 11:37:00,689 [INFO] ib_insync.wrapper: Warning 2104, reqId -1: Market data farm connection is OK:usfarm.nj
2026-02-25 11:37:00,690 [INFO] ib_insync.wrapper: Warning 2104, reqId -1: Market data farm connection is OK:eufarm
2026-02-25 11:37:00,690 [INFO] ib_insync.wrapper: Warning 2104, reqId -1: Market data farm connection is OK:usfarm
2026-02-25 11:37:00,690 [INFO] ib_insync.wrapper: Warning 2106, reqId -1: HMDS data farm connection is OK:euhmds
2026-02-25 11:37:00,691 [INFO] ib_insync.wrapper: Warning 2106, reqId -1: HMDS data farm connection is OK:fundfarm
2026-02-25 11:37:00,691 [INFO] ib_insync.wrapper: Warning 2106, reqId -1: HMDS data farm connection is OK:ushmds
2026-02-25 11:37:00,691 [INFO] ib_insync.wrapper: Warning 2158, reqId -1: Sec-def data farm connection is OK:secdefnj
2026-02-25 11:37:00,691 [INFO] ib_insync.client: API connection ready
2026-02-25 11:37:00,692 [INFO] ib_insync.wrapper: position: Position(account='DUQ117408', contract=Stock(conId=909083, symbol='HSBA', exchange='LSE', currency='GBP', localSymbol='HSBA', tradingClass='SET1'), position=10.0, avgCost=13.81023)
2026-02-25 11:37:00,693 [INFO] ib_insync.wrapper: position: Position(account='DUQ117408', contract=Stock(conId=908940, symbol='BARC', exchange='LSE', currency='GBP', localSymbol='BARC', tradingClass='SET1'), position=121.0, avgCost=4.75857345)
2026-02-25 11:37:00,693 [INFO] ib_insync.wrapper: position: Position(account='DUQ117408', contract=Stock(conId=140148322, symbol='VOD', exchange='LSE', currency='GBP', localSymbol='VOD', tradingClass='SET1'), position=690.0, avgCost=1.1878884)
2026-02-25 11:37:00,795 [INFO] ib_insync.wrapper: updatePortfolio: PortfolioItem(contract=Stock(conId=908940, symbol='BARC', right='0', primaryExchange='LSE', currency='GBP', localSymbol='BARC', tradingClass='SET1'), position=121.0, marketPrice=4.6529999, marketValue=563.01, averageCost=4.75857345, unrealizedPNL=-12.77, realizedPNL=0.0, account='DUQ117408')
2026-02-25 11:37:00,795 [INFO] ib_insync.wrapper: updatePortfolio: PortfolioItem(contract=Stock(conId=909083, symbol='HSBA', right='0', primaryExchange='LSE', currency='GBP', localSymbol='HSBA', tradingClass='SET1'), position=10.0, marketPrice=13.6532078, marketValue=136.53, averageCost=13.81023, unrealizedPNL=-1.57, realizedPNL=0.0, account='DUQ117408')
2026-02-25 11:37:00,795 [INFO] ib_insync.wrapper: updatePortfolio: PortfolioItem(contract=Stock(conId=140148322, symbol='VOD', right='0', primaryExchange='LSE', currency='GBP', localSymbol='VOD', tradingClass='SET1'), position=690.0, marketPrice=1.17200005, marketValue=808.68, averageCost=1.1878884, unrealizedPNL=-10.96, realizedPNL=0.0, account='DUQ117408')
2026-02-25 11:37:00,800 [INFO] ib_insync.wrapper: execDetails Execution(execId='0001b266.699e85ee.01.01', time=datetime.datetime(2026, 2, 25, 11, 0, 44, tzinfo=datetime.timezone.utc), acctNumber='DUQ117408', exchange='BATEUK', side='BOT', shares=119.0, price=466.25, permId=59685724, clientId=1, orderId=54, liquidation=0, cumQty=119.0, avgPrice=466.25, orderRef='', evRule='', evMultiplier=0.0, modelCode='', lastLiquidity=2)
2026-02-25 11:37:00,801 [INFO] ib_insync.wrapper: commissionReport: CommissionReport(execId='0001b266.699e85ee.01.01', commission=5.774188, currency='GBP', realizedPNL=0.0, yield_=0.0, yieldRedemptionDate=0)
2026-02-25 11:37:00,801 [INFO] ib_insync.ib: Synchronization complete
2026-02-25 11:37:00,801 [INFO] src.execution.ibkr_broker: Connected to IBKR at 127.0.0.1:7497 (clientId=1)
2026-02-25 11:37:00,801 [INFO] src.cli.runtime: [OK] IBKR connection established
2026-02-25 11:37:00,801 [INFO] src.cli.runtime: [OK] IBKR account detected: DUQ117408 (paper)
2026-02-25 11:37:00,801 [INFO] ib_insync.ib: Disconnecting from 127.0.0.1:7497, 119 B sent in 8 messages, 20.8 kB received in 415 messages, session time 117 ms.
2026-02-25 11:37:00,802 [INFO] ib_insync.client: Disconnecting
2026-02-25 11:37:00,802 [INFO] src.execution.ibkr_broker: Disconnected from IBKR
2026-02-25 11:37:00,802 [INFO] src.cli.runtime: UK health check complete: no blocking errors

[2/5 Paper trial] python main.py paper_trial --confirm-paper-trial --profile uk_paper --paper-duration-seconds 1800 --skip-rotate
2026-02-25 11:37:02,695 [INFO] src.cli.runtime: [OK] Broker provider is IBKR
2026-02-25 11:37:02,697 [INFO] src.cli.runtime: [OK] Market timezone is Europe/London
2026-02-25 11:37:02,698 [INFO] src.cli.runtime: [OK] Base currency is GBP
2026-02-25 11:37:02,698 [INFO] src.cli.runtime: [OK] Detected UK symbols: HSBA.L, VOD.L, BP.L, BARC.L, SHEL.L
2026-02-25 11:37:02,699 [INFO] src.cli.runtime: [OK] DB isolation paths set (paper=trading_paper.db, live=trading_live.db, test=trading_test.db)
2026-02-25 11:37:02,735 [INFO] ib_insync.client: Connecting to 127.0.0.1:7497 with clientId 1...
2026-02-25 11:37:02,736 [INFO] ib_insync.client: Connected
2026-02-25 11:37:02,738 [INFO] ib_insync.client: Logged on to server version 176
2026-02-25 11:37:02,739 [INFO] ib_insync.wrapper: Warning 2104, reqId -1: Market data farm connection is OK:hfarm
2026-02-25 11:37:02,739 [INFO] ib_insync.wrapper: Warning 2104, reqId -1: Market data farm connection is OK:eufarmnj
2026-02-25 11:37:02,740 [INFO] ib_insync.wrapper: Warning 2104, reqId -1: Market data farm connection is OK:cashfarm
2026-02-25 11:37:02,740 [INFO] ib_insync.wrapper: Warning 2104, reqId -1: Market data farm connection is OK:usfuture
2026-02-25 11:37:02,740 [INFO] ib_insync.wrapper: Warning 2104, reqId -1: Market data farm connection is OK:jfarm
2026-02-25 11:37:02,740 [INFO] ib_insync.wrapper: Warning 2104, reqId -1: Market data farm connection is OK:usfarm.nj
2026-02-25 11:37:02,741 [INFO] ib_insync.wrapper: Warning 2104, reqId -1: Market data farm connection is OK:eufarm
2026-02-25 11:37:02,741 [INFO] ib_insync.wrapper: Warning 2104, reqId -1: Market data farm connection is OK:usfarm
2026-02-25 11:37:02,741 [INFO] ib_insync.wrapper: Warning 2106, reqId -1: HMDS data farm connection is OK:euhmds
2026-02-25 11:37:02,741 [INFO] ib_insync.wrapper: Warning 2106, reqId -1: HMDS data farm connection is OK:fundfarm
2026-02-25 11:37:02,741 [INFO] ib_insync.wrapper: Warning 2106, reqId -1: HMDS data farm connection is OK:ushmds
2026-02-25 11:37:02,741 [INFO] ib_insync.wrapper: Warning 2158, reqId -1: Sec-def data farm connection is OK:secdefnj
2026-02-25 11:37:02,742 [INFO] ib_insync.client: API connection ready
2026-02-25 11:37:02,743 [INFO] ib_insync.wrapper: position: Position(account='DUQ117408', contract=Stock(conId=909083, symbol='HSBA', exchange='LSE', currency='GBP', localSymbol='HSBA', tradingClass='SET1'), position=10.0, avgCost=13.81023)
2026-02-25 11:37:02,743 [INFO] ib_insync.wrapper: position: Position(account='DUQ117408', contract=Stock(conId=908940, symbol='BARC', exchange='LSE', currency='GBP', localSymbol='BARC', tradingClass='SET1'), position=121.0, avgCost=4.75857345)
2026-02-25 11:37:02,743 [INFO] ib_insync.wrapper: position: Position(account='DUQ117408', contract=Stock(conId=140148322, symbol='VOD', exchange='LSE', currency='GBP', localSymbol='VOD', tradingClass='SET1'), position=690.0, avgCost=1.1878884)
2026-02-25 11:37:02,844 [INFO] ib_insync.wrapper: updatePortfolio: PortfolioItem(contract=Stock(conId=908940, symbol='BARC', right='0', primaryExchange='LSE', currency='GBP', localSymbol='BARC', tradingClass='SET1'), position=121.0, marketPrice=4.6529999, marketValue=563.01, averageCost=4.75857345, unrealizedPNL=-12.77, realizedPNL=0.0, account='DUQ117408')
2026-02-25 11:37:02,845 [INFO] ib_insync.wrapper: updatePortfolio: PortfolioItem(contract=Stock(conId=909083, symbol='HSBA', right='0', primaryExchange='LSE', currency='GBP', localSymbol='HSBA', tradingClass='SET1'), position=10.0, marketPrice=13.6532078, marketValue=136.53, averageCost=13.81023, unrealizedPNL=-1.57, realizedPNL=0.0, account='DUQ117408')
2026-02-25 11:37:02,845 [INFO] ib_insync.wrapper: updatePortfolio: PortfolioItem(contract=Stock(conId=140148322, symbol='VOD', right='0', primaryExchange='LSE', currency='GBP', localSymbol='VOD', tradingClass='SET1'), position=690.0, marketPrice=1.17200005, marketValue=808.68, averageCost=1.1878884, unrealizedPNL=-10.96, realizedPNL=0.0, account='DUQ117408')
2026-02-25 11:37:02,850 [INFO] ib_insync.wrapper: execDetails Execution(execId='0001b266.699e85ee.01.01', time=datetime.datetime(2026, 2, 25, 11, 0, 44, tzinfo=datetime.timezone.utc), acctNumber='DUQ117408', exchange='BATEUK', side='BOT', shares=119.0, price=466.25, permId=59685724, clientId=1, orderId=54, liquidation=0, cumQty=119.0, avgPrice=466.25, orderRef='', evRule='', evMultiplier=0.0, modelCode='', lastLiquidity=2)
2026-02-25 11:37:02,850 [INFO] ib_insync.wrapper: commissionReport: CommissionReport(execId='0001b266.699e85ee.01.01', commission=5.774188, currency='GBP', realizedPNL=0.0, yield_=0.0, yieldRedemptionDate=0)
2026-02-25 11:37:02,850 [INFO] ib_insync.ib: Synchronization complete
2026-02-25 11:37:02,851 [INFO] src.execution.ibkr_broker: Connected to IBKR at 127.0.0.1:7497 (clientId=1)
2026-02-25 11:37:02,851 [INFO] src.cli.runtime: [OK] IBKR connection established
2026-02-25 11:37:02,851 [INFO] src.cli.runtime: [OK] IBKR account detected: DUQ117408 (paper)
2026-02-25 11:37:02,851 [INFO] ib_insync.ib: Disconnecting from 127.0.0.1:7497, 119 B sent in 8 messages, 20.8 kB received in 415 messages, session time 117 ms.
2026-02-25 11:37:02,851 [INFO] ib_insync.client: Disconnecting
2026-02-25 11:37:02,851 [INFO] src.execution.ibkr_broker: Disconnected from IBKR
2026-02-25 11:37:02,852 [INFO] src.cli.runtime: UK health check complete: no blocking errors
2026-02-25 11:37:04,360 [ERROR] yfinance: $HSBA.L: possibly delisted; no price data found  (1m 2026-02-20 -> 2026-02-20)
2026-02-25 11:37:04,361 [WARNING] src.data.feeds: Data provider 'yfinance' failed for HSBA.L: Empty dataset from provider 'yfinance'
2026-02-25 11:37:04,693 [ERROR] yfinance: $VOD.L: possibly delisted; no price data found  (1m 2026-02-20 -> 2026-02-20)
2026-02-25 11:37:04,694 [WARNING] src.data.feeds: Data provider 'yfinance' failed for VOD.L: Empty dataset from provider 'yfinance'
C:\Users\rando\Projects\trading-bot\src\data\market_data_store.py:187: UserWarning: Converting to PeriodArray/Index representation will drop timezone information.
  for month, month_df in df.groupby(df.index.to_period("M")):
2026-02-25 11:37:05,351 [ERROR] yfinance: $BP.L: possibly delisted; no price data found  (1m 2026-02-23 -> 2026-02-23)
2026-02-25 11:37:05,352 [WARNING] src.data.feeds: Data provider 'yfinance' failed for BP.L: Empty dataset from provider 'yfinance'
C:\Users\rando\Projects\trading-bot\src\data\market_data_store.py:187: UserWarning: Converting to PeriodArray/Index representation will drop timezone information.
  for month, month_df in df.groupby(df.index.to_period("M")):
C:\Users\rando\Projects\trading-bot\src\data\market_data_store.py:187: UserWarning: Converting to PeriodArray/Index representation will drop timezone information.
  for month, month_df in df.groupby(df.index.to_period("M")):
C:\Users\rando\Projects\trading-bot\src\data\market_data_store.py:187: UserWarning: Converting to PeriodArray/Index representation will drop timezone information.
  for month, month_df in df.groupby(df.index.to_period("M")):
2026-02-25 11:37:06,562 [ERROR] yfinance: $SHEL.L: possibly delisted; no price data found  (1m 2026-02-20 -> 2026-02-20)
2026-02-25 11:37:06,563 [WARNING] src.data.feeds: Data provider 'yfinance' failed for SHEL.L: Empty dataset from provider 'yfinance'
2026-02-25 11:37:06,563 [ERROR] src.cli.runtime: Paper trial blocked by symbol-universe health policy: reason=insufficient_availability availability=0.20 threshold=0.80 healthy=1/5

Step 1A burn-in report written: reports\uk_tax\step1a_burnin\session_20260225_113653\step1a_burnin_report.json
Latest report pointer: reports\uk_tax\step1a_burnin\step1a_burnin_latest.json
Runs passed: 0 / 3
SIGN-OFF STATUS: NOT READY
2026-02-25 11:36:55,901 [ERROR] yfinance: $HSBA.L: possibly delisted; no price data found  (1m 2026-02-20 -> 2026-02-20)
2026-02-25 11:36:55,903 [WARNING] src.data.feeds: Data provider 'yfinance' failed for HSBA.L: Empty dataset from provider 'yfinance'
2026-02-25 11:36:56,242 [ERROR] yfinance: $VOD.L: possibly delisted; no price data found  (1m 2026-02-20 -> 2026-02-20)
2026-02-25 11:36:56,244 [WARNING] src.data.feeds: Data provider 'yfinance' failed for VOD.L: Empty dataset from provider 'yfinance'
C:\Users\rando\Projects\trading-bot\src\data\market_data_store.py:187: UserWarning: Converting to PeriodArray/Index representation will drop timezone information.
  for month, month_df in df.groupby(df.index.to_period("M")):
2026-02-25 11:36:56,826 [ERROR] yfinance: $BP.L: possibly delisted; no price data found  (1m 2026-02-23 -> 2026-02-23)
2026-02-25 11:36:56,827 [WARNING] src.data.feeds: Data provider 'yfinance' failed for BP.L: Empty dataset from provider 'yfinance'
C:\Users\rando\Projects\trading-bot\src\data\market_data_store.py:187: UserWarning: Converting to PeriodArray/Index representation will drop timezone information.
  for month, month_df in df.groupby(df.index.to_period("M")):
C:\Users\rando\Projects\trading-bot\src\data\market_data_store.py:187: UserWarning: Converting to PeriodArray/Index representation will drop timezone information.
  for month, month_df in df.groupby(df.index.to_period("M")):
C:\Users\rando\Projects\trading-bot\src\data\market_data_store.py:187: UserWarning: Converting to PeriodArray/Index representation will drop timezone information.
  for month, month_df in df.groupby(df.index.to_period("M")):
2026-02-25 11:36:58,064 [ERROR] yfinance: $SHEL.L: possibly delisted; no price data found  (1m 2026-02-20 -> 2026-02-20)
2026-02-25 11:36:58,064 [WARNING] src.data.feeds: Data provider 'yfinance' failed for SHEL.L: Empty dataset from provider 'yfinance'
2026-02-25 11:36:59,322 [INFO] ib_insync.client: Connecting to 127.0.0.1:7497 with clientId 1...
2026-02-25 11:36:59,322 [INFO] ib_insync.client: Connected
2026-02-25 11:36:59,336 [INFO] ib_insync.client: Logged on to server version 176
2026-02-25 11:36:59,337 [INFO] ib_insync.wrapper: Warning 2104, reqId -1: Market data farm connection is OK:hfarm
2026-02-25 11:36:59,337 [INFO] ib_insync.wrapper: Warning 2104, reqId -1: Market data farm connection is OK:eufarmnj
2026-02-25 11:36:59,337 [INFO] ib_insync.wrapper: Warning 2104, reqId -1: Market data farm connection is OK:cashfarm
2026-02-25 11:36:59,337 [INFO] ib_insync.wrapper: Warning 2104, reqId -1: Market data farm connection is OK:usfuture
2026-02-25 11:36:59,337 [INFO] ib_insync.wrapper: Warning 2104, reqId -1: Market data farm connection is OK:jfarm
2026-02-25 11:36:59,337 [INFO] ib_insync.wrapper: Warning 2104, reqId -1: Market data farm connection is OK:usfarm.nj
2026-02-25 11:36:59,337 [INFO] ib_insync.wrapper: Warning 2104, reqId -1: Market data farm connection is OK:eufarm
2026-02-25 11:36:59,338 [INFO] ib_insync.wrapper: Warning 2104, reqId -1: Market data farm connection is OK:usfarm
2026-02-25 11:36:59,338 [INFO] ib_insync.wrapper: Warning 2106, reqId -1: HMDS data farm connection is OK:euhmds
2026-02-25 11:36:59,338 [INFO] ib_insync.wrapper: Warning 2106, reqId -1: HMDS data farm connection is OK:fundfarm
2026-02-25 11:36:59,338 [INFO] ib_insync.wrapper: Warning 2106, reqId -1: HMDS data farm connection is OK:ushmds
2026-02-25 11:36:59,338 [INFO] ib_insync.wrapper: Warning 2158, reqId -1: Sec-def data farm connection is OK:secdefnj
2026-02-25 11:36:59,338 [INFO] ib_insync.client: API connection ready
2026-02-25 11:36:59,340 [INFO] ib_insync.wrapper: position: Position(account='DUQ117408', contract=Stock(conId=909083, symbol='HSBA', exchange='LSE', currency='GBP', localSymbol='HSBA', tradingClass='SET1'), position=10.0, avgCost=13.81023)
2026-02-25 11:36:59,340 [INFO] ib_insync.wrapper: position: Position(account='DUQ117408', contract=Stock(conId=908940, symbol='BARC', exchange='LSE', currency='GBP', localSymbol='BARC', tradingClass='SET1'), position=121.0, avgCost=4.75857345)
2026-02-25 11:36:59,341 [INFO] ib_insync.wrapper: position: Position(account='DUQ117408', contract=Stock(conId=140148322, symbol='VOD', exchange='LSE', currency='GBP', localSymbol='VOD', tradingClass='SET1'), position=690.0, avgCost=1.1878884)
2026-02-25 11:36:59,442 [INFO] ib_insync.wrapper: updatePortfolio: PortfolioItem(contract=Stock(conId=908940, symbol='BARC', right='0', primaryExchange='LSE', currency='GBP', localSymbol='BARC', tradingClass='SET1'), position=121.0, marketPrice=4.6529999, marketValue=563.01, averageCost=4.75857345, unrealizedPNL=-12.77, realizedPNL=0.0, account='DUQ117408')
2026-02-25 11:36:59,442 [INFO] ib_insync.wrapper: updatePortfolio: PortfolioItem(contract=Stock(conId=909083, symbol='HSBA', right='0', primaryExchange='LSE', currency='GBP', localSymbol='HSBA', tradingClass='SET1'), position=10.0, marketPrice=13.6532078, marketValue=136.53, averageCost=13.81023, unrealizedPNL=-1.57, realizedPNL=0.0, account='DUQ117408')
2026-02-25 11:36:59,442 [INFO] ib_insync.wrapper: updatePortfolio: PortfolioItem(contract=Stock(conId=140148322, symbol='VOD', right='0', primaryExchange='LSE', currency='GBP', localSymbol='VOD', tradingClass='SET1'), position=690.0, marketPrice=1.17200005, marketValue=808.68, averageCost=1.1878884, unrealizedPNL=-10.96, realizedPNL=0.0, account='DUQ117408')
2026-02-25 11:36:59,447 [INFO] ib_insync.wrapper: execDetails Execution(execId='0001b266.699e85ee.01.01', time=datetime.datetime(2026, 2, 25, 11, 0, 44, tzinfo=datetime.timezone.utc), acctNumber='DUQ117408', exchange='BATEUK', side='BOT', shares=119.0, price=466.25, permId=59685724, clientId=1, orderId=54, liquidation=0, cumQty=119.0, avgPrice=466.25, orderRef='', evRule='', evMultiplier=0.0, modelCode='', lastLiquidity=2)
2026-02-25 11:36:59,447 [INFO] ib_insync.wrapper: commissionReport: CommissionReport(execId='0001b266.699e85ee.01.01', commission=5.774188, currency='GBP', realizedPNL=0.0, yield_=0.0, yieldRedemptionDate=0)
2026-02-25 11:36:59,448 [INFO] ib_insync.ib: Synchronization complete
2026-02-25 11:36:59,448 [INFO] src.execution.ibkr_broker: Connected to IBKR at 127.0.0.1:7497 (clientId=1)
2026-02-25 11:36:59,545 [INFO] ib_insync.ib: Disconnecting from 127.0.0.1:7497, 713 B sent in 9 messages, 32.2 kB received in 671 messages, session time 223 ms.
2026-02-25 11:36:59,545 [INFO] ib_insync.client: Disconnecting
2026-02-25 11:36:59,546 [INFO] src.execution.ibkr_broker: Disconnected from IBKR
