[Step1A AutoClient] Attempt 1/8 using IBKR_CLIENT_ID=70
Step 1A burn-in session: 20260225_152017
Output directory: reports\uk_tax\step1a_burnin\session_20260225_152017
Required window: 08:00-16:00 UTC

===== Step 1A Burn-In Run 1/3 =====
UTC start: 2026-02-25 15:20:17
In-window: True

Step 1A burn-in report written: reports\uk_tax\step1a_burnin\session_20260225_152017\step1a_burnin_report.json
Latest report pointer: reports\uk_tax\step1a_burnin\step1a_burnin_latest.json
Runs passed: 0 / 3
SIGN-OFF STATUS: NOT READY
[Step1A AutoClient] Non-collision failure (exit=1). Stopping retries.
2026-02-25 15:20:20,741 [ERROR] yfinance: $VOD.L: possibly delisted; no price data found  (1m 2026-02-23 -> 2026-02-23)
2026-02-25 15:20:20,742 [WARNING] src.data.providers: YFinance empty result for VOD.L interval=1m request_type=start_end attempt=1/3; retrying in 0.50s
2026-02-25 15:20:21,245 [ERROR] yfinance: $VOD.L: possibly delisted; no price data found  (1m 2026-02-23 -> 2026-02-23)
2026-02-25 15:20:21,246 [WARNING] src.data.providers: YFinance empty result for VOD.L interval=1m request_type=start_end attempt=2/3; retrying in 1.00s
2026-02-25 15:20:22,252 [ERROR] yfinance: $VOD.L: possibly delisted; no price data found  (1m 2026-02-23 -> 2026-02-23)
2026-02-25 15:20:22,253 [WARNING] src.data.providers: YFinance retries exhausted (empty result) for VOD.L interval=1m request_type=start_end attempts=3
2026-02-25 15:20:22,253 [WARNING] src.data.feeds: Data provider 'yfinance' failed for VOD.L: Empty dataset from provider 'yfinance'
2026-02-25 15:20:23,007 [ERROR] yfinance: $BP.L: possibly delisted; no price data found  (1m 2026-02-23 -> 2026-02-23)
2026-02-25 15:20:23,008 [WARNING] src.data.providers: YFinance empty result for BP.L interval=1m request_type=start_end attempt=1/3; retrying in 0.50s
2026-02-25 15:20:23,521 [ERROR] yfinance: $BP.L: possibly delisted; no price data found  (1m 2026-02-23 -> 2026-02-23)
2026-02-25 15:20:23,521 [WARNING] src.data.providers: YFinance empty result for BP.L interval=1m request_type=start_end attempt=2/3; retrying in 1.00s
2026-02-25 15:20:24,526 [ERROR] yfinance: $BP.L: possibly delisted; no price data found  (1m 2026-02-23 -> 2026-02-23)
2026-02-25 15:20:24,527 [WARNING] src.data.providers: YFinance retries exhausted (empty result) for BP.L interval=1m request_type=start_end attempts=3
2026-02-25 15:20:24,527 [WARNING] src.data.feeds: Data provider 'yfinance' failed for BP.L: Empty dataset from provider 'yfinance'
2026-02-25 15:20:26,568 [ERROR] yfinance: $SHEL.L: possibly delisted; no price data found  (1m 2026-02-24 -> 2026-02-24)
2026-02-25 15:20:26,569 [WARNING] src.data.providers: YFinance empty result for SHEL.L interval=1m request_type=start_end attempt=1/3; retrying in 0.50s
2026-02-25 15:20:27,081 [ERROR] yfinance: $SHEL.L: possibly delisted; no price data found  (1m 2026-02-24 -> 2026-02-24)
2026-02-25 15:20:27,081 [WARNING] src.data.providers: YFinance empty result for SHEL.L interval=1m request_type=start_end attempt=2/3; retrying in 1.00s
2026-02-25 15:20:28,088 [ERROR] yfinance: $SHEL.L: possibly delisted; no price data found  (1m 2026-02-24 -> 2026-02-24)
2026-02-25 15:20:28,088 [WARNING] src.data.providers: YFinance retries exhausted (empty result) for SHEL.L interval=1m request_type=start_end attempts=3
2026-02-25 15:20:28,089 [WARNING] src.data.feeds: Data provider 'yfinance' failed for SHEL.L: Empty dataset from provider 'yfinance'
