Step 1A burn-in session: 20260225_113758
Output directory: reports\uk_tax\step1a_burnin\session_20260225_113758
Required window: 08:00-16:00 UTC

===== Step 1A Burn-In Run 1/3 =====
UTC start: 2026-02-25 11:37:58
In-window: True
Kill switch cleared

[1/5 Health check] python main.py uk_health_check --profile uk_paper --strict-health
2026-02-25 11:38:05,380 [INFO] src.cli.runtime: [OK] Broker provider is IBKR
2026-02-25 11:38:05,381 [INFO] src.cli.runtime: [OK] Market timezone is Europe/London
2026-02-25 11:38:05,382 [INFO] src.cli.runtime: [OK] Base currency is GBP
2026-02-25 11:38:05,383 [INFO] src.cli.runtime: [OK] Detected UK symbols: HSBA.L, VOD.L, BP.L, BARC.L, SHEL.L
2026-02-25 11:38:05,384 [INFO] src.cli.runtime: [OK] DB isolation paths set (paper=trading_paper.db, live=trading_live.db, test=trading_test.db)
2026-02-25 11:38:05,420 [INFO] ib_insync.client: Connecting to 127.0.0.1:7497 with clientId 1...
2026-02-25 11:38:05,421 [INFO] ib_insync.client: Connected
2026-02-25 11:38:05,423 [INFO] ib_insync.client: Logged on to server version 176
2026-02-25 11:38:05,425 [INFO] ib_insync.wrapper: Warning 2104, reqId -1: Market data farm connection is OK:hfarm
2026-02-25 11:38:05,425 [INFO] ib_insync.wrapper: Warning 2104, reqId -1: Market data farm connection is OK:eufarmnj
2026-02-25 11:38:05,425 [INFO] ib_insync.wrapper: Warning 2104, reqId -1: Market data farm connection is OK:cashfarm
2026-02-25 11:38:05,425 [INFO] ib_insync.wrapper: Warning 2104, reqId -1: Market data farm connection is OK:usfuture
2026-02-25 11:38:05,425 [INFO] ib_insync.wrapper: Warning 2104, reqId -1: Market data farm connection is OK:jfarm
2026-02-25 11:38:05,425 [INFO] ib_insync.wrapper: Warning 2104, reqId -1: Market data farm connection is OK:usfarm.nj
2026-02-25 11:38:05,426 [INFO] ib_insync.wrapper: Warning 2104, reqId -1: Market data farm connection is OK:eufarm
2026-02-25 11:38:05,426 [INFO] ib_insync.wrapper: Warning 2104, reqId -1: Market data farm connection is OK:usfarm
2026-02-25 11:38:05,426 [INFO] ib_insync.wrapper: Warning 2106, reqId -1: HMDS data farm connection is OK:euhmds
2026-02-25 11:38:05,426 [INFO] ib_insync.wrapper: Warning 2106, reqId -1: HMDS data farm connection is OK:fundfarm
2026-02-25 11:38:05,426 [INFO] ib_insync.wrapper: Warning 2106, reqId -1: HMDS data farm connection is OK:ushmds
2026-02-25 11:38:05,426 [INFO] ib_insync.wrapper: Warning 2158, reqId -1: Sec-def data farm connection is OK:secdefnj
2026-02-25 11:38:05,427 [INFO] ib_insync.client: API connection ready
2026-02-25 11:38:05,428 [INFO] ib_insync.wrapper: position: Position(account='DUQ117408', contract=Stock(conId=909083, symbol='HSBA', exchange='LSE', currency='GBP', localSymbol='HSBA', tradingClass='SET1'), position=10.0, avgCost=13.81023)
2026-02-25 11:38:05,428 [INFO] ib_insync.wrapper: position: Position(account='DUQ117408', contract=Stock(conId=908940, symbol='BARC', exchange='LSE', currency='GBP', localSymbol='BARC', tradingClass='SET1'), position=121.0, avgCost=4.75857345)
2026-02-25 11:38:05,428 [INFO] ib_insync.wrapper: position: Position(account='DUQ117408', contract=Stock(conId=140148322, symbol='VOD', exchange='LSE', currency='GBP', localSymbol='VOD', tradingClass='SET1'), position=690.0, avgCost=1.1878884)
2026-02-25 11:38:05,530 [INFO] ib_insync.wrapper: updatePortfolio: PortfolioItem(contract=Stock(conId=908940, symbol='BARC', right='0', primaryExchange='LSE', currency='GBP', localSymbol='BARC', tradingClass='SET1'), position=121.0, marketPrice=4.6529999, marketValue=563.01, averageCost=4.75857345, unrealizedPNL=-12.77, realizedPNL=0.0, account='DUQ117408')
2026-02-25 11:38:05,530 [INFO] ib_insync.wrapper: updatePortfolio: PortfolioItem(contract=Stock(conId=909083, symbol='HSBA', right='0', primaryExchange='LSE', currency='GBP', localSymbol='HSBA', tradingClass='SET1'), position=10.0, marketPrice=13.6532078, marketValue=136.53, averageCost=13.81023, unrealizedPNL=-1.57, realizedPNL=0.0, account='DUQ117408')
2026-02-25 11:38:05,530 [INFO] ib_insync.wrapper: updatePortfolio: PortfolioItem(contract=Stock(conId=140148322, symbol='VOD', right='0', primaryExchange='LSE', currency='GBP', localSymbol='VOD', tradingClass='SET1'), position=690.0, marketPrice=1.17200005, marketValue=808.68, averageCost=1.1878884, unrealizedPNL=-10.96, realizedPNL=0.0, account='DUQ117408')
2026-02-25 11:38:05,535 [INFO] ib_insync.wrapper: execDetails Execution(execId='0001b266.699e85ee.01.01', time=datetime.datetime(2026, 2, 25, 11, 0, 44, tzinfo=datetime.timezone.utc), acctNumber='DUQ117408', exchange='BATEUK', side='BOT', shares=119.0, price=466.25, permId=59685724, clientId=1, orderId=54, liquidation=0, cumQty=119.0, avgPrice=466.25, orderRef='', evRule='', evMultiplier=0.0, modelCode='', lastLiquidity=2)
2026-02-25 11:38:05,535 [INFO] ib_insync.wrapper: commissionReport: CommissionReport(execId='0001b266.699e85ee.01.01', commission=5.774188, currency='GBP', realizedPNL=0.0, yield_=0.0, yieldRedemptionDate=0)
2026-02-25 11:38:05,535 [INFO] ib_insync.ib: Synchronization complete
2026-02-25 11:38:05,536 [INFO] src.execution.ibkr_broker: Connected to IBKR at 127.0.0.1:7497 (clientId=1)
2026-02-25 11:38:05,536 [INFO] src.cli.runtime: [OK] IBKR connection established
2026-02-25 11:38:05,536 [INFO] src.cli.runtime: [OK] IBKR account detected: DUQ117408 (paper)
2026-02-25 11:38:05,536 [INFO] ib_insync.ib: Disconnecting from 127.0.0.1:7497, 119 B sent in 8 messages, 20.8 kB received in 415 messages, session time 117 ms.
2026-02-25 11:38:05,536 [INFO] ib_insync.client: Disconnecting
2026-02-25 11:38:05,536 [INFO] src.execution.ibkr_broker: Disconnected from IBKR
2026-02-25 11:38:05,537 [INFO] src.cli.runtime: UK health check complete: no blocking errors

[2/5 Paper trial] python main.py paper_trial --confirm-paper-trial --profile uk_paper --paper-duration-seconds 1800 --skip-rotate
