2026-02-25 11:38:00,591 [ERROR] yfinance: $HSBA.L: possibly delisted; no price data found  (1m 2026-02-20 -> 2026-02-20)
2026-02-25 11:38:00,592 [WARNING] src.data.feeds: Data provider 'yfinance' failed for HSBA.L: Empty dataset from provider 'yfinance'
2026-02-25 11:38:00,925 [ERROR] yfinance: $VOD.L: possibly delisted; no price data found  (1m 2026-02-20 -> 2026-02-20)
2026-02-25 11:38:00,926 [WARNING] src.data.feeds: Data provider 'yfinance' failed for VOD.L: Empty dataset from provider 'yfinance'
C:\Users\rando\Projects\trading-bot\src\data\market_data_store.py:187: UserWarning: Converting to PeriodArray/Index representation will drop timezone information.
  for month, month_df in df.groupby(df.index.to_period("M")):
2026-02-25 11:38:01,530 [ERROR] yfinance: $BP.L: possibly delisted; no price data found  (1m 2026-02-23 -> 2026-02-23)
2026-02-25 11:38:01,531 [WARNING] src.data.feeds: Data provider 'yfinance' failed for BP.L: Empty dataset from provider 'yfinance'
C:\Users\rando\Projects\trading-bot\src\data\market_data_store.py:187: UserWarning: Converting to PeriodArray/Index representation will drop timezone information.
  for month, month_df in df.groupby(df.index.to_period("M")):
C:\Users\rando\Projects\trading-bot\src\data\market_data_store.py:187: UserWarning: Converting to PeriodArray/Index representation will drop timezone information.
  for month, month_df in df.groupby(df.index.to_period("M")):
C:\Users\rando\Projects\trading-bot\src\data\market_data_store.py:187: UserWarning: Converting to PeriodArray/Index representation will drop timezone information.
  for month, month_df in df.groupby(df.index.to_period("M")):
2026-02-25 11:38:02,802 [ERROR] yfinance: $SHEL.L: possibly delisted; no price data found  (1m 2026-02-20 -> 2026-02-20)
2026-02-25 11:38:02,803 [WARNING] src.data.feeds: Data provider 'yfinance' failed for SHEL.L: Empty dataset from provider 'yfinance'
2026-02-25 11:38:04,067 [INFO] ib_insync.client: Connecting to 127.0.0.1:7497 with clientId 1...
2026-02-25 11:38:04,068 [INFO] ib_insync.client: Connected
2026-02-25 11:38:04,071 [INFO] ib_insync.client: Logged on to server version 176
2026-02-25 11:38:04,072 [INFO] ib_insync.wrapper: Warning 2104, reqId -1: Market data farm connection is OK:hfarm
2026-02-25 11:38:04,072 [INFO] ib_insync.wrapper: Warning 2104, reqId -1: Market data farm connection is OK:eufarmnj
2026-02-25 11:38:04,072 [INFO] ib_insync.wrapper: Warning 2104, reqId -1: Market data farm connection is OK:cashfarm
2026-02-25 11:38:04,072 [INFO] ib_insync.wrapper: Warning 2104, reqId -1: Market data farm connection is OK:usfuture
2026-02-25 11:38:04,072 [INFO] ib_insync.wrapper: Warning 2104, reqId -1: Market data farm connection is OK:jfarm
2026-02-25 11:38:04,073 [INFO] ib_insync.wrapper: Warning 2104, reqId -1: Market data farm connection is OK:usfarm.nj
2026-02-25 11:38:04,073 [INFO] ib_insync.wrapper: Warning 2104, reqId -1: Market data farm connection is OK:eufarm
2026-02-25 11:38:04,073 [INFO] ib_insync.wrapper: Warning 2104, reqId -1: Market data farm connection is OK:usfarm
2026-02-25 11:38:04,073 [INFO] ib_insync.wrapper: Warning 2106, reqId -1: HMDS data farm connection is OK:euhmds
2026-02-25 11:38:04,073 [INFO] ib_insync.wrapper: Warning 2106, reqId -1: HMDS data farm connection is OK:fundfarm
2026-02-25 11:38:04,073 [INFO] ib_insync.wrapper: Warning 2106, reqId -1: HMDS data farm connection is OK:ushmds
2026-02-25 11:38:04,074 [INFO] ib_insync.wrapper: Warning 2158, reqId -1: Sec-def data farm connection is OK:secdefnj
2026-02-25 11:38:04,074 [INFO] ib_insync.client: API connection ready
2026-02-25 11:38:04,075 [INFO] ib_insync.wrapper: position: Position(account='DUQ117408', contract=Stock(conId=909083, symbol='HSBA', exchange='LSE', currency='GBP', localSymbol='HSBA', tradingClass='SET1'), position=10.0, avgCost=13.81023)
2026-02-25 11:38:04,075 [INFO] ib_insync.wrapper: position: Position(account='DUQ117408', contract=Stock(conId=908940, symbol='BARC', exchange='LSE', currency='GBP', localSymbol='BARC', tradingClass='SET1'), position=121.0, avgCost=4.75857345)
2026-02-25 11:38:04,076 [INFO] ib_insync.wrapper: position: Position(account='DUQ117408', contract=Stock(conId=140148322, symbol='VOD', exchange='LSE', currency='GBP', localSymbol='VOD', tradingClass='SET1'), position=690.0, avgCost=1.1878884)
2026-02-25 11:38:04,178 [INFO] ib_insync.wrapper: updatePortfolio: PortfolioItem(contract=Stock(conId=908940, symbol='BARC', right='0', primaryExchange='LSE', currency='GBP', localSymbol='BARC', tradingClass='SET1'), position=121.0, marketPrice=4.6529999, marketValue=563.01, averageCost=4.75857345, unrealizedPNL=-12.77, realizedPNL=0.0, account='DUQ117408')
2026-02-25 11:38:04,178 [INFO] ib_insync.wrapper: updatePortfolio: PortfolioItem(contract=Stock(conId=909083, symbol='HSBA', right='0', primaryExchange='LSE', currency='GBP', localSymbol='HSBA', tradingClass='SET1'), position=10.0, marketPrice=13.6532078, marketValue=136.53, averageCost=13.81023, unrealizedPNL=-1.57, realizedPNL=0.0, account='DUQ117408')
2026-02-25 11:38:04,178 [INFO] ib_insync.wrapper: updatePortfolio: PortfolioItem(contract=Stock(conId=140148322, symbol='VOD', right='0', primaryExchange='LSE', currency='GBP', localSymbol='VOD', tradingClass='SET1'), position=690.0, marketPrice=1.17200005, marketValue=808.68, averageCost=1.1878884, unrealizedPNL=-10.96, realizedPNL=0.0, account='DUQ117408')
2026-02-25 11:38:04,183 [INFO] ib_insync.wrapper: execDetails Execution(execId='0001b266.699e85ee.01.01', time=datetime.datetime(2026, 2, 25, 11, 0, 44, tzinfo=datetime.timezone.utc), acctNumber='DUQ117408', exchange='BATEUK', side='BOT', shares=119.0, price=466.25, permId=59685724, clientId=1, orderId=54, liquidation=0, cumQty=119.0, avgPrice=466.25, orderRef='', evRule='', evMultiplier=0.0, modelCode='', lastLiquidity=2)
2026-02-25 11:38:04,183 [INFO] ib_insync.wrapper: commissionReport: CommissionReport(execId='0001b266.699e85ee.01.01', commission=5.774188, currency='GBP', realizedPNL=0.0, yield_=0.0, yieldRedemptionDate=0)
2026-02-25 11:38:04,183 [INFO] ib_insync.ib: Synchronization complete
2026-02-25 11:38:04,184 [INFO] src.execution.ibkr_broker: Connected to IBKR at 127.0.0.1:7497 (clientId=1)
2026-02-25 11:38:04,281 [INFO] ib_insync.ib: Disconnecting from 127.0.0.1:7497, 713 B sent in 9 messages, 32.2 kB received in 672 messages, session time 214 ms.
2026-02-25 11:38:04,281 [INFO] ib_insync.client: Disconnecting
2026-02-25 11:38:04,282 [INFO] src.execution.ibkr_broker: Disconnected from IBKR
