[Step1A AutoClient] Attempt 1/8 using IBKR_CLIENT_ID=70
Step 1A burn-in session: 20260225_143851
Output directory: reports\uk_tax\step1a_burnin\session_20260225_143851
Required window: 08:00-16:00 UTC

===== Step 1A Burn-In Run 1/3 =====
UTC start: 2026-02-25 14:38:51
In-window: True

Step 1A burn-in report written: reports\uk_tax\step1a_burnin\session_20260225_143851\step1a_burnin_report.json
Latest report pointer: reports\uk_tax\step1a_burnin\step1a_burnin_latest.json
Runs passed: 0 / 3
SIGN-OFF STATUS: NOT READY
[Step1A AutoClient] Non-collision failure (exit=1). Stopping retries.
2026-02-25 14:38:54,020 [ERROR] yfinance: $VOD.L: possibly delisted; no price data found  (1m 2026-02-23 -> 2026-02-23)
2026-02-25 14:38:54,022 [WARNING] src.data.providers: YFinance empty result for VOD.L interval=1m request_type=start_end attempt=1/3; retrying in 0.50s
2026-02-25 14:38:54,533 [ERROR] yfinance: $VOD.L: possibly delisted; no price data found  (1m 2026-02-23 -> 2026-02-23)
2026-02-25 14:38:54,535 [WARNING] src.data.providers: YFinance empty result for VOD.L interval=1m request_type=start_end attempt=2/3; retrying in 1.00s
2026-02-25 14:38:55,538 [ERROR] yfinance: $VOD.L: possibly delisted; no price data found  (1m 2026-02-23 -> 2026-02-23)
2026-02-25 14:38:55,539 [WARNING] src.data.providers: YFinance retries exhausted (empty result) for VOD.L interval=1m request_type=start_end attempts=3
2026-02-25 14:38:55,539 [WARNING] src.data.feeds: Data provider 'yfinance' failed for VOD.L: Empty dataset from provider 'yfinance'
2026-02-25 14:38:55,981 [ERROR] yfinance: $BP.L: possibly delisted; no price data found  (1m 2026-02-23 -> 2026-02-23)
2026-02-25 14:38:55,981 [WARNING] src.data.providers: YFinance empty result for BP.L interval=1m request_type=start_end attempt=1/3; retrying in 0.50s
2026-02-25 14:38:56,484 [ERROR] yfinance: $BP.L: possibly delisted; no price data found  (1m 2026-02-23 -> 2026-02-23)
2026-02-25 14:38:56,485 [WARNING] src.data.providers: YFinance empty result for BP.L interval=1m request_type=start_end attempt=2/3; retrying in 1.00s
2026-02-25 14:38:57,491 [ERROR] yfinance: $BP.L: possibly delisted; no price data found  (1m 2026-02-23 -> 2026-02-23)
2026-02-25 14:38:57,492 [WARNING] src.data.providers: YFinance retries exhausted (empty result) for BP.L interval=1m request_type=start_end attempts=3
2026-02-25 14:38:57,492 [WARNING] src.data.feeds: Data provider 'yfinance' failed for BP.L: Empty dataset from provider 'yfinance'
