[Step1A AutoClient] Attempt 1/8 using IBKR_CLIENT_ID=70
Step 1A burn-in session: 20260225_154217
Output directory: reports\uk_tax\step1a_burnin\session_20260225_154217
Required window: 08:00-16:00 UTC

===== Step 1A Burn-In Run 1/3 =====
UTC start: 2026-02-25 15:42:17
In-window: True

Step 1A burn-in report written: reports\uk_tax\step1a_burnin\session_20260225_154217\step1a_burnin_report.json
Latest report pointer: reports\uk_tax\step1a_burnin\step1a_burnin_latest.json
Runs passed: 0 / 3
SIGN-OFF STATUS: NOT READY
[Step1A AutoClient] Non-collision failure (exit=1). Stopping retries.
2026-02-25 15:42:18,435 [INFO] ib_insync.client: Connecting to 127.0.0.1:7497 with clientId 70...
2026-02-25 15:42:18,437 [INFO] ib_insync.client: Connected
2026-02-25 15:42:18,442 [INFO] ib_insync.client: Logged on to server version 176
2026-02-25 15:42:18,443 [INFO] ib_insync.client: API connection ready
2026-02-25 15:42:18,444 [INFO] ib_insync.wrapper: Warning 2104, reqId -1: Market data farm connection is OK:hfarm
2026-02-25 15:42:18,445 [INFO] ib_insync.wrapper: Warning 2104, reqId -1: Market data farm connection is OK:eufarmnj
2026-02-25 15:42:18,446 [INFO] ib_insync.wrapper: Warning 2104, reqId -1: Market data farm connection is OK:cashfarm
2026-02-25 15:42:18,446 [INFO] ib_insync.wrapper: Warning 2104, reqId -1: Market data farm connection is OK:usfuture
2026-02-25 15:42:18,446 [INFO] ib_insync.wrapper: Warning 2104, reqId -1: Market data farm connection is OK:jfarm
2026-02-25 15:42:18,446 [INFO] ib_insync.wrapper: Warning 2104, reqId -1: Market data farm connection is OK:usfarm.nj
2026-02-25 15:42:18,446 [INFO] ib_insync.wrapper: Warning 2104, reqId -1: Market data farm connection is OK:eufarm
2026-02-25 15:42:18,446 [INFO] ib_insync.wrapper: Warning 2104, reqId -1: Market data farm connection is OK:usfarm
2026-02-25 15:42:18,447 [INFO] ib_insync.wrapper: Warning 2106, reqId -1: HMDS data farm connection is OK:euhmds
2026-02-25 15:42:18,447 [INFO] ib_insync.wrapper: Warning 2106, reqId -1: HMDS data farm connection is OK:fundfarm
2026-02-25 15:42:18,448 [INFO] ib_insync.wrapper: Warning 2106, reqId -1: HMDS data farm connection is OK:ushmds
2026-02-25 15:42:18,448 [INFO] ib_insync.wrapper: Warning 2158, reqId -1: Sec-def data farm connection is OK:secdefnj
2026-02-25 15:42:18,448 [INFO] ib_insync.wrapper: position: Position(account='DUQ117408', contract=Stock(conId=909083, symbol='HSBA', exchange='LSE', currency='GBP', localSymbol='HSBA', tradingClass='SET1'), position=10.0, avgCost=13.81023)
2026-02-25 15:42:18,449 [INFO] ib_insync.wrapper: position: Position(account='DUQ117408', contract=Stock(conId=908940, symbol='BARC', exchange='LSE', currency='GBP', localSymbol='BARC', tradingClass='SET1'), position=559.0, avgCost=4.7142142)
2026-02-25 15:42:18,449 [INFO] ib_insync.wrapper: position: Position(account='DUQ117408', contract=Stock(conId=140148322, symbol='VOD', exchange='LSE', currency='GBP', localSymbol='VOD', tradingClass='SET1'), position=690.0, avgCost=1.1878884)
2026-02-25 15:42:18,549 [INFO] ib_insync.wrapper: updatePortfolio: PortfolioItem(contract=Stock(conId=908940, symbol='BARC', right='0', primaryExchange='LSE', currency='GBP', localSymbol='BARC', tradingClass='SET1'), position=559.0, marketPrice=4.6738, marketValue=2612.65, averageCost=4.7142142, unrealizedPNL=-22.59, realizedPNL=0.0, account='DUQ117408')
2026-02-25 15:42:18,550 [INFO] ib_insync.wrapper: updatePortfolio: PortfolioItem(contract=Stock(conId=909083, symbol='HSBA', right='0', primaryExchange='LSE', currency='GBP', localSymbol='HSBA', tradingClass='SET1'), position=10.0, marketPrice=13.77400015, marketValue=137.74, averageCost=13.81023, unrealizedPNL=-0.36, realizedPNL=0.0, account='DUQ117408')
2026-02-25 15:42:18,550 [INFO] ib_insync.wrapper: updatePortfolio: PortfolioItem(contract=Stock(conId=140148322, symbol='VOD', right='0', primaryExchange='LSE', currency='GBP', localSymbol='VOD', tradingClass='SET1'), position=690.0, marketPrice=1.16999995, marketValue=807.3, averageCost=1.1878884, unrealizedPNL=-12.34, realizedPNL=0.0, account='DUQ117408')
2026-02-25 15:42:18,556 [INFO] ib_insync.wrapper: execDetails Execution(execId='0001b266.699e85ee.01.01', time=datetime.datetime(2026, 2, 25, 11, 0, 44, tzinfo=datetime.timezone.utc), acctNumber='DUQ117408', exchange='BATEUK', side='BOT', shares=119.0, price=466.25, permId=59685724, clientId=1, orderId=54, liquidation=0, cumQty=119.0, avgPrice=466.25, orderRef='', evRule='', evMultiplier=0.0, modelCode='', lastLiquidity=2)
2026-02-25 15:42:18,556 [INFO] ib_insync.wrapper: execDetails Execution(execId='0001b266.699e86c6.01.01', time=datetime.datetime(2026, 2, 25, 11, 38, 18, tzinfo=datetime.timezone.utc), acctNumber='DUQ117408', exchange='BATEUK', side='BOT', shares=112.0, price=465.35, permId=59685733, clientId=1, orderId=70, liquidation=0, cumQty=112.0, avgPrice=465.35, orderRef='', evRule='', evMultiplier=0.0, modelCode='', lastLiquidity=2)
2026-02-25 15:42:18,557 [INFO] ib_insync.wrapper: execDetails Execution(execId='0001b266.699e86d3.01.01', time=datetime.datetime(2026, 2, 25, 11, 48, 5, tzinfo=datetime.timezone.utc), acctNumber='DUQ117408', exchange='BATEUK', side='BOT', shares=105.0, price=464.9, permId=59685742, clientId=1, orderId=86, liquidation=0, cumQty=105.0, avgPrice=464.9, orderRef='', evRule='', evMultiplier=0.0, modelCode='', lastLiquidity=2)
2026-02-25 15:42:18,557 [INFO] ib_insync.wrapper: execDetails Execution(execId='0001b266.699e86d4.01.01', time=datetime.datetime(2026, 2, 25, 11, 48, 44, tzinfo=datetime.timezone.utc), acctNumber='DUQ117408', exchange='BATEUK', side='BOT', shares=108.0, price=464.95, permId=59685752, clientId=73, orderId=16, liquidation=0, cumQty=108.0, avgPrice=464.95, orderRef='', evRule='', evMultiplier=0.0, modelCode='', lastLiquidity=2)
2026-02-25 15:42:18,557 [INFO] ib_insync.wrapper: execDetails Execution(execId='0001b266.699e86e5.01.01', time=datetime.datetime(2026, 2, 25, 11, 55, 43, tzinfo=datetime.timezone.utc), acctNumber='DUQ117408', exchange='BATEUK', side='BOT', shares=113.0, price=465.3, permId=59685777, clientId=73, orderId=32, liquidation=0, cumQty=113.0, avgPrice=465.3, orderRef='', evRule='', evMultiplier=0.0, modelCode='', lastLiquidity=2)
2026-02-25 15:42:18,558 [INFO] ib_insync.wrapper: commissionReport: CommissionReport(execId='0001b266.699e85ee.01.01', commission=5.774188, currency='GBP', realizedPNL=0.0, yield_=0.0, yieldRedemptionDate=0)
2026-02-25 15:42:18,558 [INFO] ib_insync.wrapper: commissionReport: CommissionReport(execId='0001b266.699e86c6.01.01', commission=5.60596, currency='GBP', realizedPNL=0.0, yield_=0.0, yieldRedemptionDate=0)
2026-02-25 15:42:18,558 [INFO] ib_insync.wrapper: commissionReport: CommissionReport(execId='0001b266.699e86d3.01.01', commission=5.440725, currency='GBP', realizedPNL=0.0, yield_=0.0, yieldRedemptionDate=0)
2026-02-25 15:42:18,558 [INFO] ib_insync.wrapper: commissionReport: CommissionReport(execId='0001b266.699e86d4.01.01', commission=5.51073, currency='GBP', realizedPNL=0.0, yield_=0.0, yieldRedemptionDate=0)
2026-02-25 15:42:18,558 [INFO] ib_insync.wrapper: commissionReport: CommissionReport(execId='0001b266.699e86e5.01.01', commission=5.628945, currency='GBP', realizedPNL=0.0, yield_=0.0, yieldRedemptionDate=0)
2026-02-25 15:42:18,558 [INFO] ib_insync.ib: Synchronization complete
2026-02-25 15:42:18,558 [INFO] src.execution.ibkr_broker: Connected to IBKR at 127.0.0.1:7497 (clientId=70)
2026-02-25 15:42:18,655 [INFO] ib_insync.ib: Disconnecting from 127.0.0.1:7497, 711 B sent in 9 messages, 34.4 kB received in 683 messages, session time 220 ms.
2026-02-25 15:42:18,655 [INFO] ib_insync.client: Disconnecting
2026-02-25 15:42:18,655 [INFO] src.execution.ibkr_broker: Disconnected from IBKR
