Step 1A burn-in session: 20260225_105811
Output directory: reports\uk_tax\step1a_burnin\session_20260225_105811
Required window: 08:00-16:00 UTC

===== Step 1A Burn-In Run 1/3 =====
UTC start: 2026-02-25 10:58:11
In-window: True

Step 1A burn-in report written: reports\uk_tax\step1a_burnin\session_20260225_105811\step1a_burnin_report.json
Latest report pointer: reports\uk_tax\step1a_burnin\step1a_burnin_latest.json
Runs passed: 0 / 3
SIGN-OFF STATUS: NOT READY
2026-02-25 10:58:13,641 [ERROR] yfinance: $HSBA.L: possibly delisted; no price data found  (1m 2026-02-20 -> 2026-02-20)
2026-02-25 10:58:13,643 [WARNING] src.data.feeds: Data provider 'yfinance' failed for HSBA.L: Empty dataset from provider 'yfinance'
2026-02-25 10:58:13,998 [ERROR] yfinance: $VOD.L: possibly delisted; no price data found  (1m 2026-02-20 -> 2026-02-20)
2026-02-25 10:58:13,999 [WARNING] src.data.feeds: Data provider 'yfinance' failed for VOD.L: Empty dataset from provider 'yfinance'
C:\Users\rando\Projects\trading-bot\src\data\market_data_store.py:187: UserWarning: Converting to PeriodArray/Index representation will drop timezone information.
  for month, month_df in df.groupby(df.index.to_period("M")):
2026-02-25 10:58:14,593 [ERROR] yfinance: $BP.L: possibly delisted; no price data found  (1m 2026-02-23 -> 2026-02-23)
2026-02-25 10:58:14,594 [WARNING] src.data.feeds: Data provider 'yfinance' failed for BP.L: Empty dataset from provider 'yfinance'
C:\Users\rando\Projects\trading-bot\src\data\market_data_store.py:187: UserWarning: Converting to PeriodArray/Index representation will drop timezone information.
  for month, month_df in df.groupby(df.index.to_period("M")):
C:\Users\rando\Projects\trading-bot\src\data\market_data_store.py:187: UserWarning: Converting to PeriodArray/Index representation will drop timezone information.
  for month, month_df in df.groupby(df.index.to_period("M")):
C:\Users\rando\Projects\trading-bot\src\data\market_data_store.py:187: UserWarning: Converting to PeriodArray/Index representation will drop timezone information.
  for month, month_df in df.groupby(df.index.to_period("M")):
2026-02-25 10:58:15,864 [ERROR] yfinance: $SHEL.L: possibly delisted; no price data found  (1m 2026-02-20 -> 2026-02-20)
2026-02-25 10:58:15,864 [WARNING] src.data.feeds: Data provider 'yfinance' failed for SHEL.L: Empty dataset from provider 'yfinance'
