Step 1A burn-in session: 20260225_110026
Output directory: reports\uk_tax\step1a_burnin\session_20260225_110026
Required window: 08:00-16:00 UTC

===== Step 1A Burn-In Run 1/3 =====
UTC start: 2026-02-25 11:00:26
In-window: True
Kill switch cleared

[1/5 Health check] python main.py uk_health_check --profile uk_paper --strict-health
2026-02-25 11:00:33,467 [INFO] src.cli.runtime: [OK] Broker provider is IBKR
2026-02-25 11:00:33,468 [INFO] src.cli.runtime: [OK] Market timezone is Europe/London
2026-02-25 11:00:33,469 [INFO] src.cli.runtime: [OK] Base currency is GBP
2026-02-25 11:00:33,470 [INFO] src.cli.runtime: [OK] Detected UK symbols: HSBA.L, VOD.L, BP.L, BARC.L, SHEL.L
2026-02-25 11:00:33,470 [INFO] src.cli.runtime: [OK] DB isolation paths set (paper=trading_paper.db, live=trading_live.db, test=trading_test.db)
2026-02-25 11:00:33,507 [INFO] ib_insync.client: Connecting to 127.0.0.1:7497 with clientId 1...
2026-02-25 11:00:33,508 [INFO] ib_insync.client: Connected
2026-02-25 11:00:33,514 [INFO] ib_insync.client: Logged on to server version 176
2026-02-25 11:00:33,516 [INFO] ib_insync.wrapper: Warning 2104, reqId -1: Market data farm connection is OK:hfarm
2026-02-25 11:00:33,516 [INFO] ib_insync.wrapper: Warning 2104, reqId -1: Market data farm connection is OK:eufarmnj
2026-02-25 11:00:33,516 [INFO] ib_insync.wrapper: Warning 2104, reqId -1: Market data farm connection is OK:cashfarm
2026-02-25 11:00:33,516 [INFO] ib_insync.wrapper: Warning 2104, reqId -1: Market data farm connection is OK:usfuture
2026-02-25 11:00:33,517 [INFO] ib_insync.wrapper: Warning 2104, reqId -1: Market data farm connection is OK:jfarm
2026-02-25 11:00:33,517 [INFO] ib_insync.wrapper: Warning 2104, reqId -1: Market data farm connection is OK:usfarm.nj
2026-02-25 11:00:33,517 [INFO] ib_insync.wrapper: Warning 2104, reqId -1: Market data farm connection is OK:eufarm
2026-02-25 11:00:33,517 [INFO] ib_insync.wrapper: Warning 2104, reqId -1: Market data farm connection is OK:usfarm
2026-02-25 11:00:33,517 [INFO] ib_insync.wrapper: Warning 2106, reqId -1: HMDS data farm connection is OK:euhmds
2026-02-25 11:00:33,517 [INFO] ib_insync.wrapper: Warning 2106, reqId -1: HMDS data farm connection is OK:fundfarm
2026-02-25 11:00:33,517 [INFO] ib_insync.wrapper: Warning 2106, reqId -1: HMDS data farm connection is OK:ushmds
2026-02-25 11:00:33,517 [INFO] ib_insync.wrapper: Warning 2158, reqId -1: Sec-def data farm connection is OK:secdefnj
2026-02-25 11:00:33,517 [INFO] ib_insync.client: API connection ready
2026-02-25 11:00:33,519 [INFO] ib_insync.wrapper: position: Position(account='DUQ117408', contract=Stock(conId=909083, symbol='HSBA', exchange='LSE', currency='GBP', localSymbol='HSBA', tradingClass='SET1'), position=10.0, avgCost=13.81023)
2026-02-25 11:00:33,519 [INFO] ib_insync.wrapper: position: Position(account='DUQ117408', contract=Stock(conId=908940, symbol='BARC', exchange='LSE', currency='GBP', localSymbol='BARC', tradingClass='SET1'), position=2.0, avgCost=7.58785)
2026-02-25 11:00:33,519 [INFO] ib_insync.wrapper: position: Position(account='DUQ117408', contract=Stock(conId=140148322, symbol='VOD', exchange='LSE', currency='GBP', localSymbol='VOD', tradingClass='SET1'), position=690.0, avgCost=1.1878884)
2026-02-25 11:00:33,620 [INFO] ib_insync.wrapper: updatePortfolio: PortfolioItem(contract=Stock(conId=908940, symbol='BARC', right='0', primaryExchange='LSE', currency='GBP', localSymbol='BARC', tradingClass='SET1'), position=2.0, marketPrice=4.6585002, marketValue=9.32, averageCost=7.58785, unrealizedPNL=-5.86, realizedPNL=0.0, account='DUQ117408')
2026-02-25 11:00:33,621 [INFO] ib_insync.wrapper: updatePortfolio: PortfolioItem(contract=Stock(conId=909083, symbol='HSBA', right='0', primaryExchange='LSE', currency='GBP', localSymbol='HSBA', tradingClass='SET1'), position=10.0, marketPrice=13.60999965, marketValue=136.1, averageCost=13.81023, unrealizedPNL=-2.0, realizedPNL=0.0, account='DUQ117408')
2026-02-25 11:00:33,621 [INFO] ib_insync.wrapper: updatePortfolio: PortfolioItem(contract=Stock(conId=140148322, symbol='VOD', right='0', primaryExchange='LSE', currency='GBP', localSymbol='VOD', tradingClass='SET1'), position=690.0, marketPrice=1.171, marketValue=807.99, averageCost=1.1878884, unrealizedPNL=-11.65, realizedPNL=0.0, account='DUQ117408')
2026-02-25 11:00:33,623 [INFO] ib_insync.ib: Synchronization complete
2026-02-25 11:00:33,623 [INFO] src.execution.ibkr_broker: Connected to IBKR at 127.0.0.1:7497 (clientId=1)
2026-02-25 11:00:33,624 [INFO] src.cli.runtime: [OK] IBKR connection established
2026-02-25 11:00:33,624 [INFO] src.cli.runtime: [OK] IBKR account detected: DUQ117408 (paper)
2026-02-25 11:00:33,624 [INFO] ib_insync.ib: Disconnecting from 127.0.0.1:7497, 119 B sent in 8 messages, 20.0 kB received in 412 messages, session time 118 ms.
2026-02-25 11:00:33,624 [INFO] ib_insync.client: Disconnecting
2026-02-25 11:00:33,624 [INFO] src.execution.ibkr_broker: Disconnected from IBKR
2026-02-25 11:00:33,625 [INFO] src.cli.runtime: UK health check complete: no blocking errors

[2/5 Paper trial] python main.py paper_trial --confirm-paper-trial --profile uk_paper --paper-duration-seconds 1800 --skip-rotate
2026-02-25 11:00:35,504 [INFO] src.cli.runtime: [OK] Broker provider is IBKR
2026-02-25 11:00:35,505 [INFO] src.cli.runtime: [OK] Market timezone is Europe/London
2026-02-25 11:00:35,506 [INFO] src.cli.runtime: [OK] Base currency is GBP
2026-02-25 11:00:35,507 [INFO] src.cli.runtime: [OK] Detected UK symbols: HSBA.L, VOD.L, BP.L, BARC.L, SHEL.L
2026-02-25 11:00:35,508 [INFO] src.cli.runtime: [OK] DB isolation paths set (paper=trading_paper.db, live=trading_live.db, test=trading_test.db)
2026-02-25 11:00:35,543 [INFO] ib_insync.client: Connecting to 127.0.0.1:7497 with clientId 1...
2026-02-25 11:00:35,543 [INFO] ib_insync.client: Connected
2026-02-25 11:00:35,546 [INFO] ib_insync.client: Logged on to server version 176
2026-02-25 11:00:35,547 [INFO] ib_insync.wrapper: Warning 2104, reqId -1: Market data farm connection is OK:hfarm
2026-02-25 11:00:35,547 [INFO] ib_insync.wrapper: Warning 2104, reqId -1: Market data farm connection is OK:eufarmnj
2026-02-25 11:00:35,548 [INFO] ib_insync.wrapper: Warning 2104, reqId -1: Market data farm connection is OK:cashfarm
2026-02-25 11:00:35,548 [INFO] ib_insync.wrapper: Warning 2104, reqId -1: Market data farm connection is OK:usfuture
2026-02-25 11:00:35,548 [INFO] ib_insync.wrapper: Warning 2104, reqId -1: Market data farm connection is OK:jfarm
2026-02-25 11:00:35,548 [INFO] ib_insync.wrapper: Warning 2104, reqId -1: Market data farm connection is OK:usfarm.nj
2026-02-25 11:00:35,548 [INFO] ib_insync.wrapper: Warning 2104, reqId -1: Market data farm connection is OK:eufarm
2026-02-25 11:00:35,548 [INFO] ib_insync.wrapper: Warning 2104, reqId -1: Market data farm connection is OK:usfarm
2026-02-25 11:00:35,549 [INFO] ib_insync.wrapper: Warning 2106, reqId -1: HMDS data farm connection is OK:euhmds
2026-02-25 11:00:35,549 [INFO] ib_insync.wrapper: Warning 2106, reqId -1: HMDS data farm connection is OK:fundfarm
2026-02-25 11:00:35,549 [INFO] ib_insync.wrapper: Warning 2106, reqId -1: HMDS data farm connection is OK:ushmds
2026-02-25 11:00:35,549 [INFO] ib_insync.wrapper: Warning 2158, reqId -1: Sec-def data farm connection is OK:secdefnj
2026-02-25 11:00:35,549 [INFO] ib_insync.client: API connection ready
2026-02-25 11:00:35,550 [INFO] ib_insync.wrapper: position: Position(account='DUQ117408', contract=Stock(conId=909083, symbol='HSBA', exchange='LSE', currency='GBP', localSymbol='HSBA', tradingClass='SET1'), position=10.0, avgCost=13.81023)
2026-02-25 11:00:35,551 [INFO] ib_insync.wrapper: position: Position(account='DUQ117408', contract=Stock(conId=908940, symbol='BARC', exchange='LSE', currency='GBP', localSymbol='BARC', tradingClass='SET1'), position=2.0, avgCost=7.58785)
2026-02-25 11:00:35,551 [INFO] ib_insync.wrapper: position: Position(account='DUQ117408', contract=Stock(conId=140148322, symbol='VOD', exchange='LSE', currency='GBP', localSymbol='VOD', tradingClass='SET1'), position=690.0, avgCost=1.1878884)
2026-02-25 11:00:35,653 [INFO] ib_insync.wrapper: updatePortfolio: PortfolioItem(contract=Stock(conId=908940, symbol='BARC', right='0', primaryExchange='LSE', currency='GBP', localSymbol='BARC', tradingClass='SET1'), position=2.0, marketPrice=4.6585002, marketValue=9.32, averageCost=7.58785, unrealizedPNL=-5.86, realizedPNL=0.0, account='DUQ117408')
2026-02-25 11:00:35,653 [INFO] ib_insync.wrapper: updatePortfolio: PortfolioItem(contract=Stock(conId=909083, symbol='HSBA', right='0', primaryExchange='LSE', currency='GBP', localSymbol='HSBA', tradingClass='SET1'), position=10.0, marketPrice=13.60999965, marketValue=136.1, averageCost=13.81023, unrealizedPNL=-2.0, realizedPNL=0.0, account='DUQ117408')
2026-02-25 11:00:35,653 [INFO] ib_insync.wrapper: updatePortfolio: PortfolioItem(contract=Stock(conId=140148322, symbol='VOD', right='0', primaryExchange='LSE', currency='GBP', localSymbol='VOD', tradingClass='SET1'), position=690.0, marketPrice=1.171, marketValue=807.99, averageCost=1.1878884, unrealizedPNL=-11.65, realizedPNL=0.0, account='DUQ117408')
2026-02-25 11:00:35,655 [INFO] ib_insync.ib: Synchronization complete
2026-02-25 11:00:35,655 [INFO] src.execution.ibkr_broker: Connected to IBKR at 127.0.0.1:7497 (clientId=1)
2026-02-25 11:00:35,656 [INFO] src.cli.runtime: [OK] IBKR connection established
2026-02-25 11:00:35,656 [INFO] src.cli.runtime: [OK] IBKR account detected: DUQ117408 (paper)
2026-02-25 11:00:35,656 [INFO] ib_insync.ib: Disconnecting from 127.0.0.1:7497, 119 B sent in 8 messages, 20.0 kB received in 412 messages, session time 113 ms.
2026-02-25 11:00:35,656 [INFO] ib_insync.client: Disconnecting
2026-02-25 11:00:35,656 [INFO] src.execution.ibkr_broker: Disconnected from IBKR
2026-02-25 11:00:35,656 [INFO] src.cli.runtime: UK health check complete: no blocking errors
2026-02-25 11:00:36,167 [INFO] ib_insync.client: Disconnected.
2026-02-25 11:00:36,168 [INFO] ib_insync.client: Connecting to 127.0.0.1:7497 with clientId 1...
2026-02-25 11:00:36,168 [INFO] ib_insync.client: Connected
2026-02-25 11:00:36,171 [INFO] ib_insync.client: Logged on to server version 176
2026-02-25 11:00:36,172 [INFO] ib_insync.wrapper: Warning 2104, reqId -1: Market data farm connection is OK:hfarm
2026-02-25 11:00:36,172 [INFO] ib_insync.wrapper: Warning 2104, reqId -1: Market data farm connection is OK:eufarmnj
2026-02-25 11:00:36,172 [INFO] ib_insync.wrapper: Warning 2104, reqId -1: Market data farm connection is OK:cashfarm
2026-02-25 11:00:36,172 [INFO] ib_insync.wrapper: Warning 2104, reqId -1: Market data farm connection is OK:usfuture
2026-02-25 11:00:36,172 [INFO] ib_insync.wrapper: Warning 2104, reqId -1: Market data farm connection is OK:jfarm
2026-02-25 11:00:36,172 [INFO] ib_insync.wrapper: Warning 2104, reqId -1: Market data farm connection is OK:usfarm.nj
2026-02-25 11:00:36,173 [INFO] ib_insync.wrapper: Warning 2104, reqId -1: Market data farm connection is OK:eufarm
2026-02-25 11:00:36,173 [INFO] ib_insync.wrapper: Warning 2104, reqId -1: Market data farm connection is OK:usfarm
2026-02-25 11:00:36,173 [INFO] ib_insync.wrapper: Warning 2106, reqId -1: HMDS data farm connection is OK:euhmds
2026-02-25 11:00:36,173 [INFO] ib_insync.wrapper: Warning 2106, reqId -1: HMDS data farm connection is OK:fundfarm
2026-02-25 11:00:36,173 [INFO] ib_insync.wrapper: Warning 2106, reqId -1: HMDS data farm connection is OK:ushmds
2026-02-25 11:00:36,173 [INFO] ib_insync.wrapper: Warning 2158, reqId -1: Sec-def data farm connection is OK:secdefnj
2026-02-25 11:00:36,173 [INFO] ib_insync.client: API connection ready
2026-02-25 11:00:36,175 [INFO] ib_insync.wrapper: position: Position(account='DUQ117408', contract=Stock(conId=909083, symbol='HSBA', exchange='LSE', currency='GBP', localSymbol='HSBA', tradingClass='SET1'), position=10.0, avgCost=13.81023)
2026-02-25 11:00:36,175 [INFO] ib_insync.wrapper: position: Position(account='DUQ117408', contract=Stock(conId=908940, symbol='BARC', exchange='LSE', currency='GBP', localSymbol='BARC', tradingClass='SET1'), position=2.0, avgCost=7.58785)
2026-02-25 11:00:36,175 [INFO] ib_insync.wrapper: position: Position(account='DUQ117408', contract=Stock(conId=140148322, symbol='VOD', exchange='LSE', currency='GBP', localSymbol='VOD', tradingClass='SET1'), position=690.0, avgCost=1.1878884)
2026-02-25 11:00:36,276 [INFO] ib_insync.wrapper: updatePortfolio: PortfolioItem(contract=Stock(conId=908940, symbol='BARC', right='0', primaryExchange='LSE', currency='GBP', localSymbol='BARC', tradingClass='SET1'), position=2.0, marketPrice=4.6585002, marketValue=9.32, averageCost=7.58785, unrealizedPNL=-5.86, realizedPNL=0.0, account='DUQ117408')
2026-02-25 11:00:36,277 [INFO] ib_insync.wrapper: updatePortfolio: PortfolioItem(contract=Stock(conId=909083, symbol='HSBA', right='0', primaryExchange='LSE', currency='GBP', localSymbol='HSBA', tradingClass='SET1'), position=10.0, marketPrice=13.60999965, marketValue=136.1, averageCost=13.81023, unrealizedPNL=-2.0, realizedPNL=0.0, account='DUQ117408')
2026-02-25 11:00:36,277 [INFO] ib_insync.wrapper: updatePortfolio: PortfolioItem(contract=Stock(conId=140148322, symbol='VOD', right='0', primaryExchange='LSE', currency='GBP', localSymbol='VOD', tradingClass='SET1'), position=690.0, marketPrice=1.171, marketValue=807.99, averageCost=1.1878884, unrealizedPNL=-11.65, realizedPNL=0.0, account='DUQ117408')
2026-02-25 11:00:36,279 [INFO] ib_insync.ib: Synchronization complete
2026-02-25 11:00:36,280 [INFO] src.execution.ibkr_broker: Connected to IBKR at 127.0.0.1:7497 (clientId=1)
2026-02-25 11:00:36,280 [INFO] src.cli.runtime: Starting timed paper trial for 1800s
2026-02-25 11:00:36,284 [INFO] src.cli.runtime: IBKR account detected: DUQ117408 (paper)
2026-02-25 11:00:36,285 [INFO] src.cli.runtime: Runtime DB (paper): trading_paper.db
2026-02-25 11:00:36,291 [INFO] src.trading.loop: Pre-warming strategy with recent 5-day history.
2026-02-25 11:00:37,064 [ERROR] yfinance: $HSBA.L: possibly delisted; no price data found  (1m 2026-02-20 -> 2026-02-20)
2026-02-25 11:00:37,064 [WARNING] src.data.feeds: Data provider 'yfinance' failed for HSBA.L: Empty dataset from provider 'yfinance'
2026-02-25 11:00:37,065 [WARNING] src.trading.loop:   HSBA.L: pre-warm failed - No data returned for HSBA.L. Check provider availability and date range.
2026-02-25 11:00:37,415 [ERROR] yfinance: $VOD.L: possibly delisted; no price data found  (1m 2026-02-20 -> 2026-02-20)
2026-02-25 11:00:37,415 [WARNING] src.data.feeds: Data provider 'yfinance' failed for VOD.L: Empty dataset from provider 'yfinance'
2026-02-25 11:00:37,415 [WARNING] src.trading.loop:   VOD.L: pre-warm failed - No data returned for VOD.L. Check provider availability and date range.
C:\Users\rando\Projects\trading-bot\src\data\market_data_store.py:187: UserWarning: Converting to PeriodArray/Index representation will drop timezone information.
  for month, month_df in df.groupby(df.index.to_period("M")):
2026-02-25 11:00:37,985 [ERROR] yfinance: $BP.L: possibly delisted; no price data found  (1m 2026-02-23 -> 2026-02-23)
2026-02-25 11:00:37,985 [WARNING] src.data.feeds: Data provider 'yfinance' failed for BP.L: Empty dataset from provider 'yfinance'
2026-02-25 11:00:37,985 [WARNING] src.trading.loop:   BP.L: pre-warm failed - No data returned for BP.L. Check provider availability and date range.
C:\Users\rando\Projects\trading-bot\src\data\market_data_store.py:187: UserWarning: Converting to PeriodArray/Index representation will drop timezone information.
  for month, month_df in df.groupby(df.index.to_period("M")):
C:\Users\rando\Projects\trading-bot\src\data\market_data_store.py:187: UserWarning: Converting to PeriodArray/Index representation will drop timezone information.
  for month, month_df in df.groupby(df.index.to_period("M")):
C:\Users\rando\Projects\trading-bot\src\data\market_data_store.py:187: UserWarning: Converting to PeriodArray/Index representation will drop timezone information.
  for month, month_df in df.groupby(df.index.to_period("M")):
2026-02-25 11:00:40,633 [INFO] src.trading.loop:   BARC.L: 1349 bars loaded (strategy ready: 1349 >= 16)
2026-02-25 11:00:40,995 [ERROR] yfinance: $SHEL.L: possibly delisted; no price data found  (1m 2026-02-20 -> 2026-02-20)
2026-02-25 11:00:40,995 [WARNING] src.data.feeds: Data provider 'yfinance' failed for SHEL.L: Empty dataset from provider 'yfinance'
2026-02-25 11:00:40,995 [WARNING] src.trading.loop:   SHEL.L: pre-warm failed - No data returned for SHEL.L. Check provider availability and date range.
2026-02-25 11:00:40,995 [INFO] src.cli.runtime: Paper trading started. Min bars required: 16. Polling every 300s. Ctrl+C to stop.
2026-02-25 11:00:41,101 [INFO] src.trading.loop: Initial portfolio value: $1,000,068.68
2026-02-25 11:00:41,101 [INFO] src.data.feeds: Stream started for ['HSBA.L', 'VOD.L', 'BP.L', 'BARC.L', 'SHEL.L'] (poll every 300s)
2026-02-25 11:00:41,393 [ERROR] ib_insync.wrapper: Error 200, reqId 42: No security definition has been found for the request, contract: Stock(symbol='HSBA', exchange='SMART', currency='USD')
2026-02-25 11:00:41,607 [ERROR] ib_insync.wrapper: Error 200, reqId 43: No security definition has been found for the request, contract: Stock(symbol='BARC', exchange='SMART', currency='USD')
2026-02-25 11:00:41,931 [INFO] src.trading.loop: Portfolio: $nan  cash=$999,027.08  positions=3  return=+nan%
2026-02-25 11:00:42,128 [ERROR] ib_insync.wrapper: Error 10089, reqId 44: Requested market data requires additional subscription for API. See link in 'Market Data Connections' dialog for more details.Delayed market data is available.VOD NASDAQ.NMS/TOP/ALL, contract: Stock(symbol='VOD', exchange='SMART', currency='USD')
2026-02-25 11:00:42,219 [ERROR] ib_insync.wrapper: Error 200, reqId 45: No security definition has been found for the request, contract: Stock(symbol='HSBA', exchange='SMART', currency='USD')
2026-02-25 11:00:42,422 [ERROR] ib_insync.wrapper: Error 200, reqId 46: No security definition has been found for the request, contract: Stock(symbol='BARC', exchange='SMART', currency='USD')
2026-02-25 11:00:42,625 [ERROR] ib_insync.wrapper: Error 10168, reqId 47: Requested market data is not subscribed. Delayed market data is not enabled., contract: Stock(symbol='VOD', exchange='SMART', currency='USD')
2026-02-25 11:00:42,737 [INFO] src.trading.loop: Portfolio: $nan  cash=$999,027.08  positions=3  return=+nan%
2026-02-25 11:00:43,043 [ERROR] ib_insync.wrapper: Error 200, reqId 48: No security definition has been found for the request, contract: Stock(symbol='HSBA', exchange='SMART', currency='USD')
2026-02-25 11:00:43,243 [ERROR] ib_insync.wrapper: Error 200, reqId 49: No security definition has been found for the request, contract: Stock(symbol='BARC', exchange='SMART', currency='USD')
2026-02-25 11:00:43,461 [ERROR] ib_insync.wrapper: Error 10168, reqId 50: Requested market data is not subscribed. Delayed market data is not enabled., contract: Stock(symbol='VOD', exchange='SMART', currency='USD')
2026-02-25 11:00:43,589 [INFO] src.trading.loop: Portfolio: $nan  cash=$999,027.08  positions=3  return=+nan%
2026-02-25 11:00:43,967 [ERROR] ib_insync.wrapper: Error 200, reqId 51: No security definition has been found for the request, contract: Stock(symbol='HSBA', exchange='SMART', currency='USD')
2026-02-25 11:00:44,176 [ERROR] ib_insync.wrapper: Error 200, reqId 52: No security definition has been found for the request, contract: Stock(symbol='BARC', exchange='SMART', currency='USD')
2026-02-25 11:00:44,377 [ERROR] ib_insync.wrapper: Error 10168, reqId 53: Requested market data is not subscribed. Delayed market data is not enabled., contract: Stock(symbol='VOD', exchange='SMART', currency='USD')
2026-02-25 11:00:44,488 [INFO] ib_insync.ib: placeOrder: New order Trade(contract=Stock(symbol='BARC', exchange='SMART', primaryExchange='LSE', currency='GBP'), order=MarketOrder(orderId=54, clientId=1, action='BUY', totalQuantity=119), orderStatus=OrderStatus(orderId=54, status='PendingSubmit', filled=0.0, remaining=0.0, avgFillPrice=0.0, permId=0, parentId=0, lastFillPrice=0.0, clientId=0, whyHeld='', mktCapPrice=0.0), fills=[], log=[TradeLogEntry(time=datetime.datetime(2026, 2, 25, 11, 0, 44, 488182, tzinfo=datetime.timezone.utc), status='PendingSubmit', message='', errorCode=0)], advancedError='')
2026-02-25 11:00:44,696 [ERROR] ib_insync.wrapper: Error 10349, reqId 54: Order TIF was set to DAY based on order preset.
2026-02-25 11:00:44,696 [WARNING] ib_insync.wrapper: Canceled order: Trade(contract=Stock(symbol='BARC', exchange='SMART', primaryExchange='LSE', currency='GBP'), order=MarketOrder(orderId=54, clientId=1, action='BUY', totalQuantity=119), orderStatus=OrderStatus(orderId=54, status='Cancelled', filled=0.0, remaining=0.0, avgFillPrice=0.0, permId=0, parentId=0, lastFillPrice=0.0, clientId=0, whyHeld='', mktCapPrice=0.0), fills=[], log=[TradeLogEntry(time=datetime.datetime(2026, 2, 25, 11, 0, 44, 488182, tzinfo=datetime.timezone.utc), status='PendingSubmit', message='', errorCode=0), TradeLogEntry(time=datetime.datetime(2026, 2, 25, 11, 0, 44, 696062, tzinfo=datetime.timezone.utc), status='Cancelled', message='Error 10349, reqId 54: Order TIF was set to DAY based on order preset.', errorCode=10349)], advancedError='')
2026-02-25 11:00:44,923 [INFO] ib_insync.wrapper: orderStatus: Trade(contract=Stock(symbol='BARC', exchange='SMART', primaryExchange='LSE', currency='GBP'), order=MarketOrder(orderId=54, clientId=1, permId=59685724, action='BUY', totalQuantity=119.0, lmtPrice=0.0, auxPrice=0.0), orderStatus=OrderStatus(orderId=54, status='PreSubmitted', filled=0.0, remaining=119.0, avgFillPrice=0.0, permId=59685724, parentId=0, lastFillPrice=0.0, clientId=1, whyHeld='', mktCapPrice=0.0), fills=[], log=[TradeLogEntry(time=datetime.datetime(2026, 2, 25, 11, 0, 44, 488182, tzinfo=datetime.timezone.utc), status='PendingSubmit', message='', errorCode=0), TradeLogEntry(time=datetime.datetime(2026, 2, 25, 11, 0, 44, 696062, tzinfo=datetime.timezone.utc), status='Cancelled', message='Error 10349, reqId 54: Order TIF was set to DAY based on order preset.', errorCode=10349), TradeLogEntry(time=datetime.datetime(2026, 2, 25, 11, 0, 44, 923283, tzinfo=datetime.timezone.utc), status='PreSubmitted', message='', errorCode=0)], advancedError='')
2026-02-25 11:00:44,923 [ERROR] src.execution.ibkr_broker: IBKR submit_order failed: '>' not supported between instances of 'method' and 'int'
2026-02-25 11:00:44,924 [WARNING] src.trading.loop: Order rejected: BUY 119.3129 BARC.L
2026-02-25 11:00:44,940 [INFO] ib_insync.wrapper: position: Position(account='DUQ117408', contract=Stock(conId=908940, symbol='BARC', exchange='LSE', currency='GBP', localSymbol='BARC', tradingClass='SET1'), position=121.0, avgCost=4.710852892561983)
2026-02-25 11:00:45,460 [INFO] ib_insync.wrapper: execDetails Execution(execId='0001b266.699e85ee.01.01', time=datetime.datetime(2026, 2, 25, 11, 0, 44, tzinfo=datetime.timezone.utc), acctNumber='DUQ117408', exchange='BATEUK', side='BOT', shares=119.0, price=466.25, permId=59685724, clientId=1, orderId=54, liquidation=0, cumQty=119.0, avgPrice=466.25, orderRef='', evRule='', evMultiplier=0.0, modelCode='', lastLiquidity=2)
2026-02-25 11:00:45,460 [INFO] ib_insync.wrapper: execDetails: Fill(contract=Stock(conId=908940, symbol='BARC', exchange='BATEUK', currency='GBP', localSymbol='BARC', tradingClass='SET1'), execution=Execution(execId='0001b266.699e85ee.01.01', time=datetime.datetime(2026, 2, 25, 11, 0, 44, tzinfo=datetime.timezone.utc), acctNumber='DUQ117408', exchange='BATEUK', side='BOT', shares=119.0, price=466.25, permId=59685724, clientId=1, orderId=54, liquidation=0, cumQty=119.0, avgPrice=466.25, orderRef='', evRule='', evMultiplier=0.0, modelCode='', lastLiquidity=2), commissionReport=CommissionReport(execId='', commission=0.0, currency='', realizedPNL=0.0, yield_=0.0, yieldRedemptionDate=0), time=datetime.datetime(2026, 2, 25, 11, 0, 45, 459581, tzinfo=datetime.timezone.utc))
2026-02-25 11:00:45,460 [INFO] ib_insync.wrapper: orderStatus: Trade(contract=Stock(symbol='BARC', exchange='SMART', primaryExchange='LSE', currency='GBP'), order=MarketOrder(orderId=54, clientId=1, permId=59685724, action='BUY', totalQuantity=119.0, lmtPrice=0.0, auxPrice=0.0), orderStatus=OrderStatus(orderId=54, status='Filled', filled=119.0, remaining=0.0, avgFillPrice=466.25, permId=59685724, parentId=0, lastFillPrice=466.25, clientId=1, whyHeld='', mktCapPrice=0.0), fills=[Fill(contract=Stock(conId=908940, symbol='BARC', exchange='BATEUK', currency='GBP', localSymbol='BARC', tradingClass='SET1'), execution=Execution(execId='0001b266.699e85ee.01.01', time=datetime.datetime(2026, 2, 25, 11, 0, 44, tzinfo=datetime.timezone.utc), acctNumber='DUQ117408', exchange='BATEUK', side='BOT', shares=119.0, price=466.25, permId=59685724, clientId=1, orderId=54, liquidation=0, cumQty=119.0, avgPrice=466.25, orderRef='', evRule='', evMultiplier=0.0, modelCode='', lastLiquidity=2), commissionReport=CommissionReport(execId='', commission=0.0, currency='', realizedPNL=0.0, yield_=0.0, yieldRedemptionDate=0), time=datetime.datetime(2026, 2, 25, 11, 0, 45, 459581, tzinfo=datetime.timezone.utc))], log=[TradeLogEntry(time=datetime.datetime(2026, 2, 25, 11, 0, 44, 488182, tzinfo=datetime.timezone.utc), status='PendingSubmit', message='', errorCode=0), TradeLogEntry(time=datetime.datetime(2026, 2, 25, 11, 0, 44, 696062, tzinfo=datetime.timezone.utc), status='Cancelled', message='Error 10349, reqId 54: Order TIF was set to DAY based on order preset.', errorCode=10349), TradeLogEntry(time=datetime.datetime(2026, 2, 25, 11, 0, 44, 923283, tzinfo=datetime.timezone.utc), status='PreSubmitted', message='', errorCode=0), TradeLogEntry(time=datetime.datetime(2026, 2, 25, 11, 0, 45, 459581, tzinfo=datetime.timezone.utc), status='PreSubmitted', message='Fill 119.0@466.25', errorCode=0), TradeLogEntry(time=datetime.datetime(2026, 2, 25, 11, 0, 45, 460581, tzinfo=datetime.timezone.utc), status='Filled', message='', errorCode=0)], advancedError='')
2026-02-25 11:00:45,462 [INFO] ib_insync.wrapper: commissionReport: CommissionReport(execId='0001b266.699e85ee.01.01', commission=5.774188, currency='GBP', realizedPNL=0.0, yield_=0.0, yieldRedemptionDate=0)
2026-02-25 11:00:45,464 [INFO] ib_insync.wrapper: position: Position(account='DUQ117408', contract=Stock(conId=908940, symbol='BARC', exchange='LSE', currency='GBP', localSymbol='BARC', tradingClass='SET1'), position=121.0, avgCost=4.758573454545454)
2026-02-25 11:00:45,465 [ERROR] ib_insync.wrapper: Error 200, reqId 55: No security definition has been found for the request, contract: Stock(symbol='HSBA', exchange='SMART', currency='USD')
2026-02-25 11:00:45,465 [ERROR] ib_insync.wrapper: Error 200, reqId 56: No security definition has been found for the request, contract: Stock(symbol='BARC', exchange='SMART', currency='USD')
2026-02-25 11:00:45,465 [ERROR] ib_insync.wrapper: Error 10168, reqId 57: Requested market data is not subscribed. Delayed market data is not enabled., contract: Stock(symbol='VOD', exchange='SMART', currency='USD')
2026-02-25 11:00:45,571 [INFO] src.trading.loop: Portfolio: $nan  cash=$999,027.08  positions=3  return=+nan%
2026-02-25 11:00:45,838 [INFO] ib_insync.wrapper: updatePortfolio: PortfolioItem(contract=Stock(conId=908940, symbol='BARC', right='0', primaryExchange='LSE', currency='GBP', localSymbol='BARC', tradingClass='SET1'), position=121.0, marketPrice=4.6624999, marketValue=564.16, averageCost=4.75857345, unrealizedPNL=-11.62, realizedPNL=0.0, account='DUQ117408')
2026-02-25 11:00:45,839 [INFO] ib_insync.wrapper: updatePortfolio: PortfolioItem(contract=Stock(conId=909083, symbol='HSBA', right='0', primaryExchange='LSE', currency='GBP', localSymbol='HSBA', tradingClass='SET1'), position=10.0, marketPrice=13.64000035, marketValue=136.4, averageCost=13.81023, unrealizedPNL=-1.7, realizedPNL=0.0, account='DUQ117408')
2026-02-25 11:00:45,839 [INFO] ib_insync.wrapper: updatePortfolio: PortfolioItem(contract=Stock(conId=140148322, symbol='VOD', right='0', primaryExchange='LSE', currency='GBP', localSymbol='VOD', tradingClass='SET1'), position=690.0, marketPrice=1.17149995, marketValue=808.33, averageCost=1.1878884, unrealizedPNL=-11.31, realizedPNL=0.0, account='DUQ117408')
2026-02-25 11:00:45,859 [ERROR] ib_insync.wrapper: Error 200, reqId 58: No security definition has been found for the request, contract: Stock(symbol='HSBA', exchange='SMART', currency='USD')
2026-02-25 11:00:46,063 [ERROR] ib_insync.wrapper: Error 200, reqId 59: No security definition has been found for the request, contract: Stock(symbol='BARC', exchange='SMART', currency='USD')
2026-02-25 11:00:46,264 [ERROR] ib_insync.wrapper: Error 10168, reqId 60: Requested market data is not subscribed. Delayed market data is not enabled., contract: Stock(symbol='VOD', exchange='SMART', currency='USD')
2026-02-25 11:00:46,378 [INFO] src.trading.loop: Portfolio: $nan  cash=$998,466.47  positions=3  return=+nan%
2026-02-25 11:03:46,036 [INFO] ib_insync.wrapper: updatePortfolio: PortfolioItem(contract=Stock(conId=908940, symbol='BARC', right='0', primaryExchange='LSE', currency='GBP', localSymbol='BARC', tradingClass='SET1'), position=121.0, marketPrice=4.66450025, marketValue=564.4, averageCost=4.75857345, unrealizedPNL=-11.38, realizedPNL=0.0, account='DUQ117408')
2026-02-25 11:03:46,037 [INFO] ib_insync.wrapper: updatePortfolio: PortfolioItem(contract=Stock(conId=909083, symbol='HSBA', right='0', primaryExchange='LSE', currency='GBP', localSymbol='HSBA', tradingClass='SET1'), position=10.0, marketPrice=13.6540003, marketValue=136.54, averageCost=13.81023, unrealizedPNL=-1.56, realizedPNL=0.0, account='DUQ117408')
2026-02-25 11:05:46,842 [ERROR] ib_insync.wrapper: Error 200, reqId 61: No security definition has been found for the request, contract: Stock(symbol='HSBA', exchange='SMART', currency='USD')
2026-02-25 11:05:47,041 [ERROR] ib_insync.wrapper: Error 200, reqId 62: No security definition has been found for the request, contract: Stock(symbol='BARC', exchange='SMART', currency='USD')
2026-02-25 11:05:47,264 [ERROR] ib_insync.wrapper: Error 10168, reqId 63: Requested market data is not subscribed. Delayed market data is not enabled., contract: Stock(symbol='VOD', exchange='SMART', currency='USD')
2026-02-25 11:05:47,385 [INFO] src.trading.loop: Portfolio: $nan  cash=$998,466.47  positions=3  return=+nan%
2026-02-25 11:05:47,692 [ERROR] ib_insync.wrapper: Error 200, reqId 64: No security definition has been found for the request, contract: Stock(symbol='HSBA', exchange='SMART', currency='USD')
2026-02-25 11:05:47,892 [ERROR] ib_insync.wrapper: Error 200, reqId 65: No security definition has been found for the request, contract: Stock(symbol='BARC', exchange='SMART', currency='USD')
2026-02-25 11:05:48,092 [ERROR] ib_insync.wrapper: Error 10168, reqId 66: Requested market data is not subscribed. Delayed market data is not enabled., contract: Stock(symbol='VOD', exchange='SMART', currency='USD')
2026-02-25 11:05:48,205 [INFO] src.trading.loop: Portfolio: $nan  cash=$998,466.47  positions=3  return=+nan%
2026-02-25 11:05:48,524 [ERROR] ib_insync.wrapper: Error 200, reqId 67: No security definition has been found for the request, contract: Stock(symbol='HSBA', exchange='SMART', currency='USD')
2026-02-25 11:05:48,727 [ERROR] ib_insync.wrapper: Error 200, reqId 68: No security definition has been found for the request, contract: Stock(symbol='BARC', exchange='SMART', currency='USD')
2026-02-25 11:05:48,944 [ERROR] ib_insync.wrapper: Error 10168, reqId 69: Requested market data is not subscribed. Delayed market data is not enabled., contract: Stock(symbol='VOD', exchange='SMART', currency='USD')
2026-02-25 11:05:49,057 [INFO] src.trading.loop: Portfolio: $nan  cash=$998,466.47  positions=3  return=+nan%
2026-02-25 11:05:49,352 [ERROR] ib_insync.wrapper: Error 200, reqId 70: No security definition has been found for the request, contract: Stock(symbol='HSBA', exchange='SMART', currency='USD')
2026-02-25 11:05:49,551 [ERROR] ib_insync.wrapper: Error 200, reqId 71: No security definition has been found for the request, contract: Stock(symbol='BARC', exchange='SMART', currency='USD')
2026-02-25 11:05:49,757 [ERROR] ib_insync.wrapper: Error 10168, reqId 72: Requested market data is not subscribed. Delayed market data is not enabled., contract: Stock(symbol='VOD', exchange='SMART', currency='USD')
2026-02-25 11:05:49,870 [INFO] src.trading.loop: Portfolio: $nan  cash=$998,466.47  positions=3  return=+nan%
2026-02-25 11:05:50,192 [ERROR] ib_insync.wrapper: Error 200, reqId 73: No security definition has been found for the request, contract: Stock(symbol='HSBA', exchange='SMART', currency='USD')
2026-02-25 11:05:50,396 [ERROR] ib_insync.wrapper: Error 200, reqId 74: No security definition has been found for the request, contract: Stock(symbol='BARC', exchange='SMART', currency='USD')
2026-02-25 11:05:50,599 [ERROR] ib_insync.wrapper: Error 10168, reqId 75: Requested market data is not subscribed. Delayed market data is not enabled., contract: Stock(symbol='VOD', exchange='SMART', currency='USD')
2026-02-25 11:05:50,716 [INFO] src.trading.loop: Portfolio: $nan  cash=$998,466.47  positions=3  return=+nan%
2026-02-25 11:05:59,064 [INFO] ib_insync.wrapper: position: Position(account='DUQ117408', contract=Stock(conId=908940, symbol='BARC', exchange='LSE', currency='GBP', localSymbol='BARC', tradingClass='SET1'), position=121.0, avgCost=4.75857345)
2026-02-25 11:05:59,065 [INFO] ib_insync.wrapper: position: Position(account='DUQ117408', contract=Stock(conId=908940, symbol='BARC', exchange='LSE', currency='GBP', localSymbol='BARC', tradingClass='SET1'), position=121.0, avgCost=4.75857345)
2026-02-25 11:06:46,034 [INFO] ib_insync.wrapper: updatePortfolio: PortfolioItem(contract=Stock(conId=908940, symbol='BARC', right='0', primaryExchange='LSE', currency='GBP', localSymbol='BARC', tradingClass='SET1'), position=121.0, marketPrice=4.66499995, marketValue=564.46, averageCost=4.75857345, unrealizedPNL=-11.32, realizedPNL=0.0, account='DUQ117408')
2026-02-25 11:06:46,035 [INFO] ib_insync.wrapper: updatePortfolio: PortfolioItem(contract=Stock(conId=909083, symbol='HSBA', right='0', primaryExchange='LSE', currency='GBP', localSymbol='HSBA', tradingClass='SET1'), position=10.0, marketPrice=13.64799975, marketValue=136.48, averageCost=13.81023, unrealizedPNL=-1.62, realizedPNL=0.0, account='DUQ117408')
2026-02-25 11:06:46,035 [INFO] ib_insync.wrapper: updatePortfolio: PortfolioItem(contract=Stock(conId=140148322, symbol='VOD', right='0', primaryExchange='LSE', currency='GBP', localSymbol='VOD', tradingClass='SET1'), position=690.0, marketPrice=1.17200005, marketValue=808.68, averageCost=1.1878884, unrealizedPNL=-10.96, realizedPNL=0.0, account='DUQ117408')
2026-02-25 11:09:46,033 [INFO] ib_insync.wrapper: updatePortfolio: PortfolioItem(contract=Stock(conId=908940, symbol='BARC', right='0', primaryExchange='LSE', currency='GBP', localSymbol='BARC', tradingClass='SET1'), position=121.0, marketPrice=4.6624999, marketValue=564.16, averageCost=4.75857345, unrealizedPNL=-11.62, realizedPNL=0.0, account='DUQ117408')
2026-02-25 11:09:46,033 [INFO] ib_insync.wrapper: updatePortfolio: PortfolioItem(contract=Stock(conId=909083, symbol='HSBA', right='0', primaryExchange='LSE', currency='GBP', localSymbol='HSBA', tradingClass='SET1'), position=10.0, marketPrice=13.64799975, marketValue=136.48, averageCost=13.81023, unrealizedPNL=-1.62, realizedPNL=0.0, account='DUQ117408')
2026-02-25 11:09:46,034 [INFO] ib_insync.wrapper: updatePortfolio: PortfolioItem(contract=Stock(conId=140148322, symbol='VOD', right='0', primaryExchange='LSE', currency='GBP', localSymbol='VOD', tradingClass='SET1'), position=690.0, marketPrice=1.1722001, marketValue=808.82, averageCost=1.1878884, unrealizedPNL=-10.82, realizedPNL=0.0, account='DUQ117408')
2026-02-25 11:10:51,190 [ERROR] ib_insync.wrapper: Error 200, reqId 76: No security definition has been found for the request, contract: Stock(symbol='HSBA', exchange='SMART', currency='USD')
2026-02-25 11:10:51,402 [ERROR] ib_insync.wrapper: Error 200, reqId 77: No security definition has been found for the request, contract: Stock(symbol='BARC', exchange='SMART', currency='USD')
2026-02-25 11:10:51,729 [INFO] src.trading.loop: Portfolio: $nan  cash=$998,466.47  positions=3  return=+nan%
2026-02-25 11:10:51,939 [ERROR] ib_insync.wrapper: Error 10089, reqId 78: Requested market data requires additional subscription for API. See link in 'Market Data Connections' dialog for more details.Delayed market data is available.VOD NASDAQ.NMS/TOP/ALL, contract: Stock(symbol='VOD', exchange='SMART', currency='USD')
2026-02-25 11:10:52,028 [ERROR] ib_insync.wrapper: Error 200, reqId 79: No security definition has been found for the request, contract: Stock(symbol='HSBA', exchange='SMART', currency='USD')
2026-02-25 11:10:52,237 [ERROR] ib_insync.wrapper: Error 200, reqId 80: No security definition has been found for the request, contract: Stock(symbol='BARC', exchange='SMART', currency='USD')
2026-02-25 11:10:52,438 [ERROR] ib_insync.wrapper: Error 10168, reqId 81: Requested market data is not subscribed. Delayed market data is not enabled., contract: Stock(symbol='VOD', exchange='SMART', currency='USD')
2026-02-25 11:10:52,550 [INFO] src.trading.loop: Portfolio: $nan  cash=$998,466.47  positions=3  return=+nan%
2026-02-25 11:10:52,843 [ERROR] ib_insync.wrapper: Error 200, reqId 82: No security definition has been found for the request, contract: Stock(symbol='HSBA', exchange='SMART', currency='USD')
2026-02-25 11:10:53,040 [ERROR] ib_insync.wrapper: Error 200, reqId 83: No security definition has been found for the request, contract: Stock(symbol='BARC', exchange='SMART', currency='USD')
2026-02-25 11:10:53,261 [ERROR] ib_insync.wrapper: Error 10168, reqId 84: Requested market data is not subscribed. Delayed market data is not enabled., contract: Stock(symbol='VOD', exchange='SMART', currency='USD')
2026-02-25 11:10:53,387 [INFO] src.trading.loop: Portfolio: $nan  cash=$998,466.47  positions=3  return=+nan%
2026-02-25 11:10:53,725 [ERROR] ib_insync.wrapper: Error 200, reqId 85: No security definition has been found for the request, contract: Stock(symbol='HSBA', exchange='SMART', currency='USD')
2026-02-25 11:10:53,924 [ERROR] ib_insync.wrapper: Error 200, reqId 86: No security definition has been found for the request, contract: Stock(symbol='BARC', exchange='SMART', currency='USD')
2026-02-25 11:10:54,129 [ERROR] ib_insync.wrapper: Error 10168, reqId 87: Requested market data is not subscribed. Delayed market data is not enabled., contract: Stock(symbol='VOD', exchange='SMART', currency='USD')
2026-02-25 11:10:54,239 [INFO] src.trading.loop: Portfolio: $nan  cash=$998,466.47  positions=3  return=+nan%
2026-02-25 11:10:54,531 [ERROR] ib_insync.wrapper: Error 200, reqId 88: No security definition has been found for the request, contract: Stock(symbol='HSBA', exchange='SMART', currency='USD')
2026-02-25 11:10:54,731 [ERROR] ib_insync.wrapper: Error 200, reqId 89: No security definition has been found for the request, contract: Stock(symbol='BARC', exchange='SMART', currency='USD')
2026-02-25 11:10:54,933 [ERROR] ib_insync.wrapper: Error 10168, reqId 90: Requested market data is not subscribed. Delayed market data is not enabled., contract: Stock(symbol='VOD', exchange='SMART', currency='USD')
2026-02-25 11:10:55,059 [INFO] src.trading.loop: Portfolio: $nan  cash=$998,466.47  positions=3  return=+nan%
2026-02-25 11:12:46,031 [INFO] ib_insync.wrapper: updatePortfolio: PortfolioItem(contract=Stock(conId=909083, symbol='HSBA', right='0', primaryExchange='LSE', currency='GBP', localSymbol='HSBA', tradingClass='SET1'), position=10.0, marketPrice=13.6459999, marketValue=136.46, averageCost=13.81023, unrealizedPNL=-1.64, realizedPNL=0.0, account='DUQ117408')
2026-02-25 11:12:46,031 [INFO] ib_insync.wrapper: updatePortfolio: PortfolioItem(contract=Stock(conId=140148322, symbol='VOD', right='0', primaryExchange='LSE', currency='GBP', localSymbol='VOD', tradingClass='SET1'), position=690.0, marketPrice=1.17149995, marketValue=808.33, averageCost=1.1878884, unrealizedPNL=-11.31, realizedPNL=0.0, account='DUQ117408')
2026-02-25 11:15:46,030 [INFO] ib_insync.wrapper: updatePortfolio: PortfolioItem(contract=Stock(conId=908940, symbol='BARC', right='0', primaryExchange='LSE', currency='GBP', localSymbol='BARC', tradingClass='SET1'), position=121.0, marketPrice=4.66550015, marketValue=564.53, averageCost=4.75857345, unrealizedPNL=-11.26, realizedPNL=0.0, account='DUQ117408')
2026-02-25 11:15:46,030 [INFO] ib_insync.wrapper: updatePortfolio: PortfolioItem(contract=Stock(conId=909083, symbol='HSBA', right='0', primaryExchange='LSE', currency='GBP', localSymbol='HSBA', tradingClass='SET1'), position=10.0, marketPrice=13.6540003, marketValue=136.54, averageCost=13.81023, unrealizedPNL=-1.56, realizedPNL=0.0, account='DUQ117408')
2026-02-25 11:15:46,034 [INFO] ib_insync.wrapper: updatePortfolio: PortfolioItem(contract=Stock(conId=140148322, symbol='VOD', right='0', primaryExchange='LSE', currency='GBP', localSymbol='VOD', tradingClass='SET1'), position=690.0, marketPrice=1.1725, marketValue=809.03, averageCost=1.1878884, unrealizedPNL=-10.62, realizedPNL=0.0, account='DUQ117408')
2026-02-25 11:15:55,513 [ERROR] ib_insync.wrapper: Error 200, reqId 91: No security definition has been found for the request, contract: Stock(symbol='HSBA', exchange='SMART', currency='USD')
2026-02-25 11:15:55,715 [ERROR] ib_insync.wrapper: Error 200, reqId 92: No security definition has been found for the request, contract: Stock(symbol='BARC', exchange='SMART', currency='USD')
2026-02-25 11:15:55,919 [ERROR] ib_insync.wrapper: Error 10168, reqId 93: Requested market data is not subscribed. Delayed market data is not enabled., contract: Stock(symbol='VOD', exchange='SMART', currency='USD')
2026-02-25 11:15:56,025 [INFO] src.trading.loop: Portfolio: $nan  cash=$998,466.47  positions=3  return=+nan%
2026-02-25 11:15:56,320 [ERROR] ib_insync.wrapper: Error 200, reqId 94: No security definition has been found for the request, contract: Stock(symbol='HSBA', exchange='SMART', currency='USD')
2026-02-25 11:15:56,533 [ERROR] ib_insync.wrapper: Error 200, reqId 95: No security definition has been found for the request, contract: Stock(symbol='BARC', exchange='SMART', currency='USD')
2026-02-25 11:15:56,734 [ERROR] ib_insync.wrapper: Error 10168, reqId 96: Requested market data is not subscribed. Delayed market data is not enabled., contract: Stock(symbol='VOD', exchange='SMART', currency='USD')
2026-02-25 11:15:56,846 [INFO] src.trading.loop: Portfolio: $nan  cash=$998,466.47  positions=3  return=+nan%
2026-02-25 11:15:57,145 [ERROR] ib_insync.wrapper: Error 200, reqId 97: No security definition has been found for the request, contract: Stock(symbol='HSBA', exchange='SMART', currency='USD')
2026-02-25 11:15:57,353 [ERROR] ib_insync.wrapper: Error 200, reqId 98: No security definition has been found for the request, contract: Stock(symbol='BARC', exchange='SMART', currency='USD')
2026-02-25 11:15:57,570 [ERROR] ib_insync.wrapper: Error 10168, reqId 99: Requested market data is not subscribed. Delayed market data is not enabled., contract: Stock(symbol='VOD', exchange='SMART', currency='USD')
2026-02-25 11:15:57,698 [INFO] src.trading.loop: Portfolio: $nan  cash=$998,466.47  positions=3  return=+nan%
2026-02-25 11:15:57,989 [ERROR] ib_insync.wrapper: Error 200, reqId 100: No security definition has been found for the request, contract: Stock(symbol='HSBA', exchange='SMART', currency='USD')
2026-02-25 11:15:58,188 [ERROR] ib_insync.wrapper: Error 200, reqId 101: No security definition has been found for the request, contract: Stock(symbol='BARC', exchange='SMART', currency='USD')
2026-02-25 11:15:58,391 [ERROR] ib_insync.wrapper: Error 10168, reqId 102: Requested market data is not subscribed. Delayed market data is not enabled., contract: Stock(symbol='VOD', exchange='SMART', currency='USD')
2026-02-25 11:15:58,502 [INFO] src.trading.loop: Portfolio: $nan  cash=$998,466.47  positions=3  return=+nan%
2026-02-25 11:15:58,789 [ERROR] ib_insync.wrapper: Error 200, reqId 103: No security definition has been found for the request, contract: Stock(symbol='HSBA', exchange='SMART', currency='USD')
2026-02-25 11:15:59,008 [ERROR] ib_insync.wrapper: Error 200, reqId 104: No security definition has been found for the request, contract: Stock(symbol='BARC', exchange='SMART', currency='USD')
2026-02-25 11:15:59,226 [ERROR] ib_insync.wrapper: Error 10168, reqId 105: Requested market data is not subscribed. Delayed market data is not enabled., contract: Stock(symbol='VOD', exchange='SMART', currency='USD')
2026-02-25 11:15:59,338 [INFO] src.trading.loop: Portfolio: $nan  cash=$998,466.47  positions=3  return=+nan%
2026-02-25 11:18:46,029 [INFO] ib_insync.wrapper: updatePortfolio: PortfolioItem(contract=Stock(conId=908940, symbol='BARC', right='0', primaryExchange='LSE', currency='GBP', localSymbol='BARC', tradingClass='SET1'), position=121.0, marketPrice=4.66450025, marketValue=564.4, averageCost=4.75857345, unrealizedPNL=-11.38, realizedPNL=0.0, account='DUQ117408')
2026-02-25 11:18:46,029 [INFO] ib_insync.wrapper: updatePortfolio: PortfolioItem(contract=Stock(conId=909083, symbol='HSBA', right='0', primaryExchange='LSE', currency='GBP', localSymbol='HSBA', tradingClass='SET1'), position=10.0, marketPrice=13.66600035, marketValue=136.66, averageCost=13.81023, unrealizedPNL=-1.44, realizedPNL=0.0, account='DUQ117408')
2026-02-25 11:18:46,029 [INFO] ib_insync.wrapper: updatePortfolio: PortfolioItem(contract=Stock(conId=140148322, symbol='VOD', right='0', primaryExchange='LSE', currency='GBP', localSymbol='VOD', tradingClass='SET1'), position=690.0, marketPrice=1.1718583, marketValue=808.58, averageCost=1.1878884, unrealizedPNL=-11.06, realizedPNL=0.0, account='DUQ117408')
2026-02-25 11:21:00,123 [ERROR] ib_insync.wrapper: Error 200, reqId 106: No security definition has been found for the request, contract: Stock(symbol='HSBA', exchange='SMART', currency='USD')
2026-02-25 11:21:00,335 [ERROR] ib_insync.wrapper: Error 200, reqId 107: No security definition has been found for the request, contract: Stock(symbol='BARC', exchange='SMART', currency='USD')
2026-02-25 11:21:00,652 [INFO] src.trading.loop: Portfolio: $nan  cash=$998,466.47  positions=3  return=+nan%
2026-02-25 11:21:00,857 [ERROR] ib_insync.wrapper: Error 10089, reqId 108: Requested market data requires additional subscription for API. See link in 'Market Data Connections' dialog for more details.Delayed market data is available.VOD NASDAQ.NMS/TOP/ALL, contract: Stock(symbol='VOD', exchange='SMART', currency='USD')
2026-02-25 11:21:00,946 [ERROR] ib_insync.wrapper: Error 200, reqId 109: No security definition has been found for the request, contract: Stock(symbol='HSBA', exchange='SMART', currency='USD')
2026-02-25 11:21:01,166 [ERROR] ib_insync.wrapper: Error 200, reqId 110: No security definition has been found for the request, contract: Stock(symbol='BARC', exchange='SMART', currency='USD')
2026-02-25 11:21:01,386 [ERROR] ib_insync.wrapper: Error 10168, reqId 111: Requested market data is not subscribed. Delayed market data is not enabled., contract: Stock(symbol='VOD', exchange='SMART', currency='USD')
2026-02-25 11:21:01,515 [INFO] src.trading.loop: Portfolio: $nan  cash=$998,466.47  positions=3  return=+nan%
2026-02-25 11:21:01,809 [ERROR] ib_insync.wrapper: Error 200, reqId 112: No security definition has been found for the request, contract: Stock(symbol='HSBA', exchange='SMART', currency='USD')
2026-02-25 11:21:02,008 [ERROR] ib_insync.wrapper: Error 200, reqId 113: No security definition has been found for the request, contract: Stock(symbol='BARC', exchange='SMART', currency='USD')
2026-02-25 11:21:02,226 [ERROR] ib_insync.wrapper: Error 10168, reqId 114: Requested market data is not subscribed. Delayed market data is not enabled., contract: Stock(symbol='VOD', exchange='SMART', currency='USD')
2026-02-25 11:21:02,338 [INFO] src.trading.loop: Portfolio: $nan  cash=$998,466.47  positions=3  return=+nan%
2026-02-25 11:21:02,633 [ERROR] ib_insync.wrapper: Error 200, reqId 115: No security definition has been found for the request, contract: Stock(symbol='HSBA', exchange='SMART', currency='USD')
2026-02-25 11:21:02,845 [ERROR] ib_insync.wrapper: Error 200, reqId 116: No security definition has been found for the request, contract: Stock(symbol='BARC', exchange='SMART', currency='USD')
2026-02-25 11:21:03,047 [ERROR] ib_insync.wrapper: Error 10168, reqId 117: Requested market data is not subscribed. Delayed market data is not enabled., contract: Stock(symbol='VOD', exchange='SMART', currency='USD')
2026-02-25 11:21:03,158 [INFO] src.trading.loop: Portfolio: $nan  cash=$998,466.47  positions=3  return=+nan%
2026-02-25 11:21:03,465 [ERROR] ib_insync.wrapper: Error 200, reqId 118: No security definition has been found for the request, contract: Stock(symbol='HSBA', exchange='SMART', currency='USD')
2026-02-25 11:21:03,680 [ERROR] ib_insync.wrapper: Error 200, reqId 119: No security definition has been found for the request, contract: Stock(symbol='BARC', exchange='SMART', currency='USD')
2026-02-25 11:21:03,898 [ERROR] ib_insync.wrapper: Error 10168, reqId 120: Requested market data is not subscribed. Delayed market data is not enabled., contract: Stock(symbol='VOD', exchange='SMART', currency='USD')
2026-02-25 11:21:04,011 [INFO] src.trading.loop: Portfolio: $nan  cash=$998,466.47  positions=3  return=+nan%
2026-02-25 11:21:46,026 [INFO] ib_insync.wrapper: updatePortfolio: PortfolioItem(contract=Stock(conId=908940, symbol='BARC', right='0', primaryExchange='LSE', currency='GBP', localSymbol='BARC', tradingClass='SET1'), position=121.0, marketPrice=4.6620002, marketValue=564.1, averageCost=4.75857345, unrealizedPNL=-11.69, realizedPNL=0.0, account='DUQ117408')
2026-02-25 11:21:46,027 [INFO] ib_insync.wrapper: updatePortfolio: PortfolioItem(contract=Stock(conId=140148322, symbol='VOD', right='0', primaryExchange='LSE', currency='GBP', localSymbol='VOD', tradingClass='SET1'), position=690.0, marketPrice=1.1717, marketValue=808.47, averageCost=1.1878884, unrealizedPNL=-11.17, realizedPNL=0.0, account='DUQ117408')
2026-02-25 11:24:46,025 [INFO] ib_insync.wrapper: updatePortfolio: PortfolioItem(contract=Stock(conId=908940, symbol='BARC', right='0', primaryExchange='LSE', currency='GBP', localSymbol='BARC', tradingClass='SET1'), position=121.0, marketPrice=4.65999985, marketValue=563.86, averageCost=4.75857345, unrealizedPNL=-11.93, realizedPNL=0.0, account='DUQ117408')
2026-02-25 11:24:46,025 [INFO] ib_insync.wrapper: updatePortfolio: PortfolioItem(contract=Stock(conId=909083, symbol='HSBA', right='0', primaryExchange='LSE', currency='GBP', localSymbol='HSBA', tradingClass='SET1'), position=10.0, marketPrice=13.684, marketValue=136.84, averageCost=13.81023, unrealizedPNL=-1.26, realizedPNL=0.0, account='DUQ117408')
2026-02-25 11:24:46,026 [INFO] ib_insync.wrapper: updatePortfolio: PortfolioItem(contract=Stock(conId=140148322, symbol='VOD', right='0', primaryExchange='LSE', currency='GBP', localSymbol='VOD', tradingClass='SET1'), position=690.0, marketPrice=1.1725, marketValue=809.03, averageCost=1.1878884, unrealizedPNL=-10.62, realizedPNL=0.0, account='DUQ117408')
2026-02-25 11:26:04,875 [ERROR] ib_insync.wrapper: Error 200, reqId 121: No security definition has been found for the request, contract: Stock(symbol='HSBA', exchange='SMART', currency='USD')
2026-02-25 11:26:05,075 [ERROR] ib_insync.wrapper: Error 200, reqId 122: No security definition has been found for the request, contract: Stock(symbol='BARC', exchange='SMART', currency='USD')
2026-02-25 11:26:05,278 [ERROR] ib_insync.wrapper: Error 10168, reqId 123: Requested market data is not subscribed. Delayed market data is not enabled., contract: Stock(symbol='VOD', exchange='SMART', currency='USD')
2026-02-25 11:26:05,403 [INFO] src.trading.loop: Portfolio: $nan  cash=$998,466.47  positions=3  return=+nan%
2026-02-25 11:26:05,698 [ERROR] ib_insync.wrapper: Error 200, reqId 124: No security definition has been found for the request, contract: Stock(symbol='HSBA', exchange='SMART', currency='USD')
2026-02-25 11:26:05,909 [ERROR] ib_insync.wrapper: Error 200, reqId 125: No security definition has been found for the request, contract: Stock(symbol='BARC', exchange='SMART', currency='USD')
2026-02-25 11:26:06,115 [ERROR] ib_insync.wrapper: Error 10168, reqId 126: Requested market data is not subscribed. Delayed market data is not enabled., contract: Stock(symbol='VOD', exchange='SMART', currency='USD')
2026-02-25 11:26:06,224 [INFO] src.trading.loop: Portfolio: $nan  cash=$998,466.47  positions=3  return=+nan%
2026-02-25 11:26:06,981 [ERROR] ib_insync.wrapper: Error 200, reqId 127: No security definition has been found for the request, contract: Stock(symbol='HSBA', exchange='SMART', currency='USD')
2026-02-25 11:26:07,177 [ERROR] ib_insync.wrapper: Error 200, reqId 128: No security definition has been found for the request, contract: Stock(symbol='BARC', exchange='SMART', currency='USD')
2026-02-25 11:26:07,384 [ERROR] ib_insync.wrapper: Error 10168, reqId 129: Requested market data is not subscribed. Delayed market data is not enabled., contract: Stock(symbol='VOD', exchange='SMART', currency='USD')
2026-02-25 11:26:07,493 [INFO] src.trading.loop: Portfolio: $nan  cash=$998,466.47  positions=3  return=+nan%
2026-02-25 11:26:07,885 [ERROR] ib_insync.wrapper: Error 200, reqId 130: No security definition has been found for the request, contract: Stock(symbol='HSBA', exchange='SMART', currency='USD')
2026-02-25 11:26:08,109 [ERROR] ib_insync.wrapper: Error 200, reqId 131: No security definition has been found for the request, contract: Stock(symbol='BARC', exchange='SMART', currency='USD')
2026-02-25 11:26:08,312 [ERROR] ib_insync.wrapper: Error 10168, reqId 132: Requested market data is not subscribed. Delayed market data is not enabled., contract: Stock(symbol='VOD', exchange='SMART', currency='USD')
2026-02-25 11:26:08,422 [INFO] src.trading.loop: Portfolio: $nan  cash=$998,466.47  positions=3  return=+nan%
2026-02-25 11:26:08,797 [ERROR] ib_insync.wrapper: Error 200, reqId 133: No security definition has been found for the request, contract: Stock(symbol='HSBA', exchange='SMART', currency='USD')
2026-02-25 11:26:09,005 [ERROR] ib_insync.wrapper: Error 200, reqId 134: No security definition has been found for the request, contract: Stock(symbol='BARC', exchange='SMART', currency='USD')
2026-02-25 11:26:09,208 [ERROR] ib_insync.wrapper: Error 10168, reqId 135: Requested market data is not subscribed. Delayed market data is not enabled., contract: Stock(symbol='VOD', exchange='SMART', currency='USD')
2026-02-25 11:26:09,320 [INFO] src.trading.loop: Portfolio: $nan  cash=$998,466.47  positions=3  return=+nan%
2026-02-25 11:27:46,023 [INFO] ib_insync.wrapper: updatePortfolio: PortfolioItem(contract=Stock(conId=908940, symbol='BARC', right='0', primaryExchange='LSE', currency='GBP', localSymbol='BARC', tradingClass='SET1'), position=121.0, marketPrice=4.6550002, marketValue=563.26, averageCost=4.75857345, unrealizedPNL=-12.53, realizedPNL=0.0, account='DUQ117408')
2026-02-25 11:27:46,024 [INFO] ib_insync.wrapper: updatePortfolio: PortfolioItem(contract=Stock(conId=909083, symbol='HSBA', right='0', primaryExchange='LSE', currency='GBP', localSymbol='HSBA', tradingClass='SET1'), position=10.0, marketPrice=13.6711998, marketValue=136.71, averageCost=13.81023, unrealizedPNL=-1.39, realizedPNL=0.0, account='DUQ117408')
2026-02-25 11:27:46,024 [INFO] ib_insync.wrapper: updatePortfolio: PortfolioItem(contract=Stock(conId=140148322, symbol='VOD', right='0', primaryExchange='LSE', currency='GBP', localSymbol='VOD', tradingClass='SET1'), position=690.0, marketPrice=1.17149995, marketValue=808.33, averageCost=1.1878884, unrealizedPNL=-11.31, realizedPNL=0.0, account='DUQ117408')
2026-02-25 11:30:36,300 [INFO] ib_insync.ib: Disconnecting from 127.0.0.1:7497, 5.65 kB sent in 103 messages, 188 kB received in 3901 messages, session time 1.80 ks.
2026-02-25 11:30:36,300 [INFO] ib_insync.client: Disconnecting
2026-02-25 11:30:36,300 [INFO] src.execution.ibkr_broker: Disconnected from IBKR
2026-02-25 11:30:36,300 [INFO] ib_insync.client: Disconnected.
2026-02-25 11:30:36,301 [INFO] src.cli.runtime: Paper trial duration reached (1800s); stopping session
2026-02-25 11:30:36,304 [INFO] src.cli.runtime: Paper session summary export completed
2026-02-25 11:30:36,304 [INFO] src.cli.runtime:   json: reports\uk_tax\paper_session_summary.json
2026-02-25 11:30:36,304 [INFO] src.cli.runtime:   csv: reports\uk_tax\paper_session_summary.csv
2026-02-25 11:30:36,304 [INFO] src.cli.runtime:   fills=0/9 fill_rate=0.00% win_rate=0.00% pnl_gbp=0.00

[3/5 Paper session summary] python main.py paper_session_summary --profile uk_paper --output-dir reports\uk_tax\step1a_burnin\session_20260225_110026\run_1
2026-02-25 11:30:38,061 [INFO] src.cli.runtime: Paper session summary export completed
2026-02-25 11:30:38,062 [INFO] src.cli.runtime:   json: reports\uk_tax\step1a_burnin\session_20260225_110026\run_1\paper_session_summary.json
2026-02-25 11:30:38,063 [INFO] src.cli.runtime:   csv: reports\uk_tax\step1a_burnin\session_20260225_110026\run_1\paper_session_summary.csv
2026-02-25 11:30:38,064 [INFO] src.cli.runtime:   fills=0/9 fill_rate=0.00% win_rate=0.00% pnl_gbp=0.00

[4/5 UK tax export] python main.py uk_tax_export --profile uk_paper --output-dir reports\uk_tax\step1a_burnin\session_20260225_110026\run_1
2026-02-25 11:30:40,086 [INFO] src.cli.runtime: UK tax export completed
2026-02-25 11:30:40,087 [INFO] src.cli.runtime:   trade ledger: reports\uk_tax\step1a_burnin\session_20260225_110026\run_1\trade_ledger.csv
2026-02-25 11:30:40,088 [INFO] src.cli.runtime:   realized gains: reports\uk_tax\step1a_burnin\session_20260225_110026\run_1\realized_gains.csv
2026-02-25 11:30:40,089 [INFO] src.cli.runtime:   fx notes: reports\uk_tax\step1a_burnin\session_20260225_110026\run_1\fx_notes.csv

[5/5 Strict reconcile] python main.py paper_reconcile --profile uk_paper --output-dir reports\uk_tax\step1a_burnin\session_20260225_110026\run_1 --expected-json reports\uk_tax\step1a_burnin\session_20260225_110026\run_1\paper_session_summary.json --strict-reconcile
2026-02-25 11:30:42,136 [INFO] src.cli.runtime: Paper reconciliation export completed
2026-02-25 11:30:42,137 [INFO] src.cli.runtime:   json: reports\uk_tax\step1a_burnin\session_20260225_110026\run_1\paper_reconciliation.json
2026-02-25 11:30:42,138 [INFO] src.cli.runtime:   csv: reports\uk_tax\step1a_burnin\session_20260225_110026\run_1\paper_reconciliation.csv
2026-02-25 11:30:42,139 [INFO] src.cli.runtime:   metrics=20 drift_flags=0 status=ok

Step 1A burn-in report written: reports\uk_tax\step1a_burnin\session_20260225_110026\step1a_burnin_report.json
Latest report pointer: reports\uk_tax\step1a_burnin\step1a_burnin_latest.json
Runs passed: 0 / 3
SIGN-OFF STATUS: NOT READY
2026-02-25 11:00:28,721 [ERROR] yfinance: $HSBA.L: possibly delisted; no price data found  (1m 2026-02-20 -> 2026-02-20)
2026-02-25 11:00:28,725 [WARNING] src.data.feeds: Data provider 'yfinance' failed for HSBA.L: Empty dataset from provider 'yfinance'
2026-02-25 11:00:29,094 [ERROR] yfinance: $VOD.L: possibly delisted; no price data found  (1m 2026-02-20 -> 2026-02-20)
2026-02-25 11:00:29,095 [WARNING] src.data.feeds: Data provider 'yfinance' failed for VOD.L: Empty dataset from provider 'yfinance'
C:\Users\rando\Projects\trading-bot\src\data\market_data_store.py:187: UserWarning: Converting to PeriodArray/Index representation will drop timezone information.
  for month, month_df in df.groupby(df.index.to_period("M")):
2026-02-25 11:00:29,691 [ERROR] yfinance: $BP.L: possibly delisted; no price data found  (1m 2026-02-23 -> 2026-02-23)
2026-02-25 11:00:29,691 [WARNING] src.data.feeds: Data provider 'yfinance' failed for BP.L: Empty dataset from provider 'yfinance'
C:\Users\rando\Projects\trading-bot\src\data\market_data_store.py:187: UserWarning: Converting to PeriodArray/Index representation will drop timezone information.
  for month, month_df in df.groupby(df.index.to_period("M")):
C:\Users\rando\Projects\trading-bot\src\data\market_data_store.py:187: UserWarning: Converting to PeriodArray/Index representation will drop timezone information.
  for month, month_df in df.groupby(df.index.to_period("M")):
C:\Users\rando\Projects\trading-bot\src\data\market_data_store.py:187: UserWarning: Converting to PeriodArray/Index representation will drop timezone information.
  for month, month_df in df.groupby(df.index.to_period("M")):
2026-02-25 11:00:30,967 [ERROR] yfinance: $SHEL.L: possibly delisted; no price data found  (1m 2026-02-20 -> 2026-02-20)
2026-02-25 11:00:30,967 [WARNING] src.data.feeds: Data provider 'yfinance' failed for SHEL.L: Empty dataset from provider 'yfinance'
2026-02-25 11:00:32,182 [INFO] ib_insync.client: Connecting to 127.0.0.1:7497 with clientId 1...
2026-02-25 11:00:32,183 [INFO] ib_insync.client: Connected
2026-02-25 11:00:32,185 [INFO] ib_insync.client: Logged on to server version 176
2026-02-25 11:00:32,187 [INFO] ib_insync.wrapper: Warning 2104, reqId -1: Market data farm connection is OK:hfarm
2026-02-25 11:00:32,187 [INFO] ib_insync.wrapper: Warning 2104, reqId -1: Market data farm connection is OK:eufarmnj
2026-02-25 11:00:32,187 [INFO] ib_insync.wrapper: Warning 2104, reqId -1: Market data farm connection is OK:cashfarm
2026-02-25 11:00:32,188 [INFO] ib_insync.wrapper: Warning 2104, reqId -1: Market data farm connection is OK:usfuture
2026-02-25 11:00:32,188 [INFO] ib_insync.wrapper: Warning 2104, reqId -1: Market data farm connection is OK:jfarm
2026-02-25 11:00:32,188 [INFO] ib_insync.wrapper: Warning 2104, reqId -1: Market data farm connection is OK:usfarm.nj
2026-02-25 11:00:32,188 [INFO] ib_insync.wrapper: Warning 2104, reqId -1: Market data farm connection is OK:eufarm
2026-02-25 11:00:32,188 [INFO] ib_insync.wrapper: Warning 2104, reqId -1: Market data farm connection is OK:usfarm
2026-02-25 11:00:32,188 [INFO] ib_insync.wrapper: Warning 2106, reqId -1: HMDS data farm connection is OK:euhmds
2026-02-25 11:00:32,188 [INFO] ib_insync.wrapper: Warning 2106, reqId -1: HMDS data farm connection is OK:fundfarm
2026-02-25 11:00:32,189 [INFO] ib_insync.wrapper: Warning 2106, reqId -1: HMDS data farm connection is OK:ushmds
2026-02-25 11:00:32,189 [INFO] ib_insync.wrapper: Warning 2158, reqId -1: Sec-def data farm connection is OK:secdefnj
2026-02-25 11:00:32,189 [INFO] ib_insync.client: API connection ready
2026-02-25 11:00:32,190 [INFO] ib_insync.wrapper: position: Position(account='DUQ117408', contract=Stock(conId=909083, symbol='HSBA', exchange='LSE', currency='GBP', localSymbol='HSBA', tradingClass='SET1'), position=10.0, avgCost=13.81023)
2026-02-25 11:00:32,190 [INFO] ib_insync.wrapper: position: Position(account='DUQ117408', contract=Stock(conId=908940, symbol='BARC', exchange='LSE', currency='GBP', localSymbol='BARC', tradingClass='SET1'), position=2.0, avgCost=7.58785)
2026-02-25 11:00:32,191 [INFO] ib_insync.wrapper: position: Position(account='DUQ117408', contract=Stock(conId=140148322, symbol='VOD', exchange='LSE', currency='GBP', localSymbol='VOD', tradingClass='SET1'), position=690.0, avgCost=1.1878884)
2026-02-25 11:00:32,293 [INFO] ib_insync.wrapper: updatePortfolio: PortfolioItem(contract=Stock(conId=908940, symbol='BARC', right='0', primaryExchange='LSE', currency='GBP', localSymbol='BARC', tradingClass='SET1'), position=2.0, marketPrice=4.6585002, marketValue=9.32, averageCost=7.58785, unrealizedPNL=-5.86, realizedPNL=0.0, account='DUQ117408')
2026-02-25 11:00:32,293 [INFO] ib_insync.wrapper: updatePortfolio: PortfolioItem(contract=Stock(conId=909083, symbol='HSBA', right='0', primaryExchange='LSE', currency='GBP', localSymbol='HSBA', tradingClass='SET1'), position=10.0, marketPrice=13.60999965, marketValue=136.1, averageCost=13.81023, unrealizedPNL=-2.0, realizedPNL=0.0, account='DUQ117408')
2026-02-25 11:00:32,293 [INFO] ib_insync.wrapper: updatePortfolio: PortfolioItem(contract=Stock(conId=140148322, symbol='VOD', right='0', primaryExchange='LSE', currency='GBP', localSymbol='VOD', tradingClass='SET1'), position=690.0, marketPrice=1.171, marketValue=807.99, averageCost=1.1878884, unrealizedPNL=-11.65, realizedPNL=0.0, account='DUQ117408')
2026-02-25 11:00:32,295 [INFO] ib_insync.ib: Synchronization complete
2026-02-25 11:00:32,296 [INFO] src.execution.ibkr_broker: Connected to IBKR at 127.0.0.1:7497 (clientId=1)
2026-02-25 11:00:32,390 [INFO] ib_insync.ib: Disconnecting from 127.0.0.1:7497, 713 B sent in 9 messages, 31.3 kB received in 669 messages, session time 207 ms.
2026-02-25 11:00:32,390 [INFO] ib_insync.client: Disconnecting
2026-02-25 11:00:32,390 [INFO] src.execution.ibkr_broker: Disconnected from IBKR
2026-02-25 11:30:43,212 [INFO] ib_insync.client: Connecting to 127.0.0.1:7497 with clientId 1...
2026-02-25 11:30:43,213 [INFO] ib_insync.client: Connected
2026-02-25 11:30:43,226 [INFO] ib_insync.client: Logged on to server version 176
2026-02-25 11:30:43,227 [INFO] ib_insync.wrapper: Warning 2104, reqId -1: Market data farm connection is OK:hfarm
2026-02-25 11:30:43,227 [INFO] ib_insync.wrapper: Warning 2104, reqId -1: Market data farm connection is OK:eufarmnj
2026-02-25 11:30:43,227 [INFO] ib_insync.wrapper: Warning 2104, reqId -1: Market data farm connection is OK:cashfarm
2026-02-25 11:30:43,228 [INFO] ib_insync.wrapper: Warning 2104, reqId -1: Market data farm connection is OK:usfuture
2026-02-25 11:30:43,228 [INFO] ib_insync.wrapper: Warning 2104, reqId -1: Market data farm connection is OK:jfarm
2026-02-25 11:30:43,228 [INFO] ib_insync.wrapper: Warning 2104, reqId -1: Market data farm connection is OK:usfarm.nj
2026-02-25 11:30:43,228 [INFO] ib_insync.wrapper: Warning 2104, reqId -1: Market data farm connection is OK:eufarm
2026-02-25 11:30:43,228 [INFO] ib_insync.wrapper: Warning 2104, reqId -1: Market data farm connection is OK:usfarm
2026-02-25 11:30:43,228 [INFO] ib_insync.wrapper: Warning 2106, reqId -1: HMDS data farm connection is OK:euhmds
2026-02-25 11:30:43,228 [INFO] ib_insync.wrapper: Warning 2106, reqId -1: HMDS data farm connection is OK:fundfarm
2026-02-25 11:30:43,229 [INFO] ib_insync.wrapper: Warning 2106, reqId -1: HMDS data farm connection is OK:ushmds
2026-02-25 11:30:43,229 [INFO] ib_insync.wrapper: Warning 2158, reqId -1: Sec-def data farm connection is OK:secdefnj
2026-02-25 11:30:43,229 [INFO] ib_insync.client: API connection ready
2026-02-25 11:30:43,229 [INFO] ib_insync.wrapper: position: Position(account='DUQ117408', contract=Stock(conId=909083, symbol='HSBA', exchange='LSE', currency='GBP', localSymbol='HSBA', tradingClass='SET1'), position=10.0, avgCost=13.81023)
2026-02-25 11:30:43,230 [INFO] ib_insync.wrapper: position: Position(account='DUQ117408', contract=Stock(conId=908940, symbol='BARC', exchange='LSE', currency='GBP', localSymbol='BARC', tradingClass='SET1'), position=121.0, avgCost=4.75857345)
2026-02-25 11:30:43,230 [INFO] ib_insync.wrapper: position: Position(account='DUQ117408', contract=Stock(conId=140148322, symbol='VOD', exchange='LSE', currency='GBP', localSymbol='VOD', tradingClass='SET1'), position=690.0, avgCost=1.1878884)
2026-02-25 11:30:43,332 [INFO] ib_insync.wrapper: updatePortfolio: PortfolioItem(contract=Stock(conId=908940, symbol='BARC', right='0', primaryExchange='LSE', currency='GBP', localSymbol='BARC', tradingClass='SET1'), position=121.0, marketPrice=4.6550002, marketValue=563.26, averageCost=4.75857345, unrealizedPNL=-12.53, realizedPNL=0.0, account='DUQ117408')
2026-02-25 11:30:43,332 [INFO] ib_insync.wrapper: updatePortfolio: PortfolioItem(contract=Stock(conId=909083, symbol='HSBA', right='0', primaryExchange='LSE', currency='GBP', localSymbol='HSBA', tradingClass='SET1'), position=10.0, marketPrice=13.6711998, marketValue=136.71, averageCost=13.81023, unrealizedPNL=-1.39, realizedPNL=0.0, account='DUQ117408')
2026-02-25 11:30:43,332 [INFO] ib_insync.wrapper: updatePortfolio: PortfolioItem(contract=Stock(conId=140148322, symbol='VOD', right='0', primaryExchange='LSE', currency='GBP', localSymbol='VOD', tradingClass='SET1'), position=690.0, marketPrice=1.17149995, marketValue=808.33, averageCost=1.1878884, unrealizedPNL=-11.31, realizedPNL=0.0, account='DUQ117408')
2026-02-25 11:30:43,338 [INFO] ib_insync.wrapper: execDetails Execution(execId='0001b266.699e85ee.01.01', time=datetime.datetime(2026, 2, 25, 11, 0, 44, tzinfo=datetime.timezone.utc), acctNumber='DUQ117408', exchange='BATEUK', side='BOT', shares=119.0, price=466.25, permId=59685724, clientId=1, orderId=54, liquidation=0, cumQty=119.0, avgPrice=466.25, orderRef='', evRule='', evMultiplier=0.0, modelCode='', lastLiquidity=2)
2026-02-25 11:30:43,338 [INFO] ib_insync.wrapper: commissionReport: CommissionReport(execId='0001b266.699e85ee.01.01', commission=5.774188, currency='GBP', realizedPNL=0.0, yield_=0.0, yieldRedemptionDate=0)
2026-02-25 11:30:43,338 [INFO] ib_insync.ib: Synchronization complete
2026-02-25 11:30:43,339 [INFO] src.execution.ibkr_broker: Connected to IBKR at 127.0.0.1:7497 (clientId=1)
2026-02-25 11:30:43,432 [INFO] ib_insync.ib: Disconnecting from 127.0.0.1:7497, 713 B sent in 9 messages, 31.9 kB received in 665 messages, session time 220 ms.
2026-02-25 11:30:43,432 [INFO] ib_insync.client: Disconnecting
2026-02-25 11:30:43,433 [INFO] src.execution.ibkr_broker: Disconnected from IBKR
